23:33:43.652 [main                     ] DEBUG Logger               - Configured Logger
23:33:43.657 [main                     ] DEBUG GameApplication      - Logging settings
Title: BlockBounce
Version: (beta 0.2)
Width: 1280
Height: 720
Fullscreen: true
Intro: false
Profiling: false
Single step:false
App Mode: DEVELOPER
Menu Key: ESCAPE
Stage Style: DECORATED
Scene Factory: class com.birb_birb.blockbounce.core.BlockBounceApp$1

23:33:43.996 [JavaFX Application Thread] DEBUG FXGLApplication      - Initializing FXGL
23:33:43.999 [JavaFX Application Thread] INFO  Engine               - FXGL-21.1 (27.03.2024 07.52) on WINDOWS (J:24.0.2 FX:21.0.1)
23:33:43.999 [JavaFX Application Thread] DEBUG Engine               - JRE Vendor Name: Eclipse Adoptium
23:33:43.999 [JavaFX Application Thread] DEBUG Engine               - Running on OS: Windows 11 version 10.0
23:33:43.999 [JavaFX Application Thread] DEBUG Engine               - Architecture: amd64
23:33:44.000 [JavaFX Application Thread] INFO  Engine               - Source code and latest versions at: https://github.com/AlmasB/FXGL
23:33:44.000 [JavaFX Application Thread] INFO  Engine               -       Ask questions and discuss at: https://github.com/AlmasB/FXGL/discussions
23:33:44.000 [JavaFX Application Thread] INFO  Engine               -              Join the FXGL chat at: https://gitter.im/AlmasB/FXGL
23:33:44.093 [JavaFX Application Thread] DEBUG PrimaryStageWindow   - Creating a JavaFX scene
23:33:44.137 [JavaFX Application Thread] DEBUG PrimaryStageWindow   - Target settings size: 1280.0 x 720.0
23:33:44.137 [JavaFX Application Thread] DEBUG PrimaryStageWindow   - Scaled scene size:    1280.0 x 720.0
23:33:44.137 [JavaFX Application Thread] DEBUG PrimaryStageWindow   - Scaled ratio: (1.0, 1.0)
23:33:44.138 [JavaFX Application Thread] DEBUG PrimaryStageWindow   - Set initial scene to FXGLStartupScene
23:33:44.143 [JavaFX Application Thread] DEBUG PrimaryStageWindow   - Opening main window
23:33:44.213 [JavaFX Application Thread] DEBUG PrimaryStageWindow   - Window border size: (14.4000244140625, 37.5999755859375)
23:33:44.213 [JavaFX Application Thread] DEBUG PrimaryStageWindow   - Scaled size: 1280.0 x 720.0
23:33:44.214 [JavaFX Application Thread] DEBUG PrimaryStageWindow   - Scaled ratio: (1.0, 1.0)
23:33:44.214 [JavaFX Application Thread] DEBUG PrimaryStageWindow   - Scene size: 1280.0 x 720.0
23:33:44.214 [JavaFX Application Thread] DEBUG PrimaryStageWindow   - Stage size: 1294.4000244140625 x 757.5999755859375
23:33:44.220 [FXGL Background Thread 1 ] DEBUG Engine               - Initializing environment variables
23:33:44.274 [FXGL Background Thread 1 ] DEBUG FXGLAssetLoaderServi - User app class for loading assets: class com.birb_birb.blockbounce.core.BlockBounceApp
23:33:44.274 [FXGL Background Thread 1 ] DEBUG GameApplicationServi - Applying CSS: fxgl_dark.css
23:33:44.275 [FXGL Background Thread 1 ] DEBUG FXGLAssetLoaderServi - Loading from file system: jar:file:/C:/Users/chudu/.gradle/caches/modules-2/files-2.1/com.github.almasb/fxgl/21.1/88c288ebc8641e470d974327703f09f8958e725d/fxgl-21.1.jar!/fxglassets/ui/css/fxgl_dark.css
23:33:44.310 [FXGL Background Thread 1 ] DEBUG GameApplicationServi - Initializing application scenes
23:33:44.348 [FXGL Background Thread 1 ] DEBUG GameWorld            - Game world initialized
23:33:44.396 [FXGL Background Thread 1 ] DEBUG PhysicsWorld         - Physics world initialized: appHeight=720, physics.ppm=50.0
23:33:44.396 [FXGL Background Thread 1 ] DEBUG PhysicsWorld         - Using strategy: BRUTE_FORCE
23:33:44.399 [FXGL Background Thread 1 ] DEBUG GameScene            - Game scene initialized: 1280x720
23:33:44.401 [FXGL Background Thread 1 ] DEBUG FXGLAssetLoaderServi - Loading from file system: file:/C:/Anh/Projects/BlockBounce/build/resources/main/assets/sounds/hover.wav
23:33:44.463 [FXGL Background Thread 1 ] DEBUG FXGLAssetLoaderServi - Loading from file system: file:/C:/Anh/Projects/BlockBounce/build/resources/main/assets/sounds/click.wav
23:33:44.563 [FXGL Background Thread 1 ] DEBUG GameApplicationServi - Application scenes initialized
23:33:44.575 [FXGL Background Thread 1 ] DEBUG SystemBundleService  - Loading FXGL system data
23:33:44.578 [FXGL Background Thread 1 ] DEBUG FileSystemAccess     - Reading from: C:\Anh\Projects\BlockBounce\system\fxgl.bundle
23:33:44.583 [FXGL Background Thread 1 ] DEBUG SystemBundleService  - Bundle FXGL: {}
23:33:44.583 [FXGL Background Thread 1 ] DEBUG UpdaterService       - Checking for updates
23:33:44.588 [FXGL Background Thread 4 ] DEBUG FXGLApplication      - Loading fonts
23:33:44.589 [FXGL Background Thread 4 ] DEBUG FXGLAssetLoaderServi - Loading from file system: jar:file:/C:/Users/chudu/.gradle/caches/modules-2/files-2.1/com.github.almasb/fxgl/21.1/88c288ebc8641e470d974327703f09f8958e725d/fxgl-21.1.jar!/fxglassets/ui/fonts/VarelaRound-Regular.ttf
23:33:44.589 [FXGL Background Thread 1 ] DEBUG FXGLApplication      - Loading default localization
23:33:44.589 [FXGL Background Thread 1 ] DEBUG FXGLAssetLoaderServi - Loading from file system: jar:file:/C:/Users/chudu/.gradle/caches/modules-2/files-2.1/com.github.almasb/fxgl/21.1/88c288ebc8641e470d974327703f09f8958e725d/fxgl-21.1.jar!/fxglassets/languages/english.lang
23:33:44.600 [FXGL Background Thread 4 ] DEBUG FXGLAssetLoaderServi - Loading from file system: jar:file:/C:/Users/chudu/.gradle/caches/modules-2/files-2.1/com.github.almasb/fxgl/21.1/88c288ebc8641e470d974327703f09f8958e725d/fxgl-21.1.jar!/fxglassets/ui/fonts/Abel-Regular.ttf
23:33:44.609 [FXGL Background Thread 4 ] DEBUG FXGLAssetLoaderServi - Loading from file system: jar:file:/C:/Users/chudu/.gradle/caches/modules-2/files-2.1/com.github.almasb/fxgl/21.1/88c288ebc8641e470d974327703f09f8958e725d/fxgl-21.1.jar!/fxglassets/ui/fonts/TerminalLandMono-Regular.otf
23:33:44.615 [FXGL Background Thread 1 ] INFO  FXGLApplication      - FXGL initialization took: 0.395 sec
23:33:44.616 [JavaFX Application Thread] DEBUG FXGLAssetLoaderServi - Loading from file system: jar:file:/C:/Users/chudu/.gradle/caches/modules-2/files-2.1/com.github.almasb/fxgl/21.1/88c288ebc8641e470d974327703f09f8958e725d/fxgl-21.1.jar!/fxglassets/textures/fxgl_icon.png
23:33:44.619 [FXGL Background Thread 4 ] DEBUG FXGLAssetLoaderServi - Loading from file system: jar:file:/C:/Users/chudu/.gradle/caches/modules-2/files-2.1/com.github.almasb/fxgl/21.1/88c288ebc8641e470d974327703f09f8958e725d/fxgl-21.1.jar!/fxglassets/ui/fonts/Courier-Prime.ttf
23:33:44.632 [JavaFX Application Thread] DEBUG FXGLAssetLoaderServi - Loading from file system: jar:file:/C:/Users/chudu/.gradle/caches/modules-2/files-2.1/com.github.almasb/fxgl/21.1/88c288ebc8641e470d974327703f09f8958e725d/fxgl-21.1.jar!/fxglassets/textures/fxgl_default_cursor.png
23:33:44.642 [JavaFX Application Thread] DEBUG Input                - Registered new binding: Screenshot - CTRL+8
23:33:44.643 [JavaFX Application Thread] DEBUG Input                - Registered new binding: System info dump - CTRL+9
23:33:44.643 [JavaFX Application Thread] DEBUG Input                - Registered new binding: Restart - CTRL+R
23:33:44.644 [JavaFX Application Thread] DEBUG Input                - Registered new binding: Toggle Debug Camera - CTRL+7
23:33:44.646 [JavaFX Application Thread] DEBUG LoopRunner           - Starting loop
23:33:44.646 [JavaFX Application Thread] DEBUG LoopRunner           - Initializing JavaFX AnimationTimerLoop
23:33:44.648 [JavaFX Application Thread] DEBUG Input                - Clearing active input actions
23:33:44.653 [JavaFX Application Thread] DEBUG GameApplicationServi - Removing overlay from FXGLStartupScene and adding to FXGLMainMenuDummyScene
23:33:44.653 [JavaFX Application Thread] DEBUG PrimaryStageWindow   - FXGLStartupScene -> FXGLMainMenuDummyScene
23:33:44.653 [JavaFX Application Thread] DEBUG PrimaryStageWindow   - Push state: MainMenu
23:33:44.654 [JavaFX Application Thread] DEBUG Input                - Clearing active input actions
23:33:44.661 [JavaFX Application Thread] DEBUG GameApplicationServi - Removing overlay from FXGLMainMenuDummyScene and adding to MainMenu
23:33:44.661 [JavaFX Application Thread] DEBUG PrimaryStageWindow   - FXGLMainMenuDummyScene -> MainMenu
23:33:44.663 [JavaFX Application Thread] DEBUG FXGLApplication      - Registering font factories with UI factory
23:33:45.218 [JavaFX Application Thread] DEBUG Input                - Registered new binding: ESC_BACK - Esc
23:33:45.218 [JavaFX Application Thread] DEBUG PrimaryStageWindow   - Push state: StoryModeMenu
23:33:45.218 [JavaFX Application Thread] DEBUG Input                - Clearing active input actions
23:33:45.219 [JavaFX Application Thread] DEBUG GameApplicationServi - Removing overlay from MainMenu and adding to StoryModeMenu
23:33:45.219 [JavaFX Application Thread] DEBUG PrimaryStageWindow   - MainMenu -> StoryModeMenu
23:33:45.717 [JavaFX Application Thread] DEBUG GameApplicationServi - Starting new game
23:33:45.717 [JavaFX Application Thread] DEBUG PrimaryStageWindow   - Pop state: StoryModeMenu
23:33:45.717 [JavaFX Application Thread] DEBUG Input                - Clearing active input actions
23:33:45.718 [JavaFX Application Thread] DEBUG GameApplicationServi - Removing overlay from StoryModeMenu and adding to MainMenu
23:33:45.718 [JavaFX Application Thread] DEBUG PrimaryStageWindow   - MainMenu <- StoryModeMenu
23:33:45.718 [JavaFX Application Thread] DEBUG PrimaryStageWindow   - Pop state: MainMenu
23:33:45.718 [JavaFX Application Thread] DEBUG Input                - Clearing active input actions
23:33:45.718 [JavaFX Application Thread] DEBUG GameApplicationServi - Removing overlay from MainMenu and adding to FXGLMainMenuDummyScene
23:33:45.718 [JavaFX Application Thread] DEBUG PrimaryStageWindow   - FXGLMainMenuDummyScene <- MainMenu
23:33:45.718 [JavaFX Application Thread] DEBUG Input                - Clearing active input actions
23:33:45.723 [JavaFX Application Thread] DEBUG GameApplicationServi - Removing overlay from FXGLMainMenuDummyScene and adding to FXGLLoadingScene
23:33:45.723 [JavaFX Application Thread] DEBUG PrimaryStageWindow   - FXGLMainMenuDummyScene -> FXGLLoadingScene
23:33:45.723 [JavaFX Application Thread] DEBUG GameApplicationServi - Clearing previous game
23:33:45.723 [JavaFX Application Thread] DEBUG GameScene            - Clearing game scene
23:33:45.723 [JavaFX Application Thread] DEBUG GameWorld            - Clearing game world
23:33:45.723 [JavaFX Application Thread] DEBUG PhysicsWorld         - Clearing physics world
23:33:45.725 [FXGL Background Thread 2 ] DEBUG FXGLApplication      - Initializing game
23:33:45.727 [FXGL Background Thread 2 ] DEBUG PhysicsWorld         - Clearing physics world
23:33:45.730 [FXGL Background Thread 2 ] DEBUG FXGLAssetLoaderServi - Loading from file system: file:/C:/Anh/Projects/BlockBounce/build/resources/main/assets/textures//entities/background.png
23:33:45.770 [FXGL Background Thread 2 ] DEBUG FXGLAssetLoaderServi - Loading from file system: file:/C:/Anh/Projects/BlockBounce/build/resources/main/assets/textures//entities/brick.png
23:33:45.791 [FXGL Background Thread 2 ] DEBUG FXGLAssetLoaderServi - Loading from file system: file:/C:/Anh/Projects/BlockBounce/build/resources/main/assets/textures//entities/paddle.png
23:33:45.793 [FXGL Background Thread 2 ] DEBUG FXGLAssetLoaderServi - Loading from file system: file:/C:/Anh/Projects/BlockBounce/build/resources/main/assets/textures//entities/ball.png
23:33:45.797 [FXGL Background Thread 2 ] DEBUG FXGLAssetLoaderServi - Loading from file system: file:/C:/Anh/Projects/BlockBounce/build/resources/main/assets/textures/ui/story_mode_frame.png
23:33:45.826 [FXGL Background Thread 2 ] INFO  FXGLApplication      - Game initialization took: 0.101 sec
23:33:45.828 [JavaFX Application Thread] DEBUG Input                - Clearing active input actions
23:33:45.833 [JavaFX Application Thread] DEBUG GameApplicationServi - Removing overlay from FXGLLoadingScene and adding to GameScene
23:33:45.833 [JavaFX Application Thread] DEBUG PrimaryStageWindow   - FXGLLoadingScene -> GameScene
23:33:47.326 [JavaFX Application Thread] DEBUG FXGLApplication      - Exiting FXGL
23:33:47.327 [JavaFX Application Thread] DEBUG LoopRunner           - Stopping loop
23:33:47.327 [JavaFX Application Thread] DEBUG SystemBundleService  - Saving FXGL system data
23:33:47.328 [JavaFX Application Thread] DEBUG FileSystemAccess     - Writing to: C:\Anh\Projects\BlockBounce\system\fxgl.bundle
23:33:47.330 [JavaFX Application Thread] DEBUG Async                - Shutting down background threads
23:33:47.330 [JavaFX Application Thread] DEBUG PrimaryStageWindow   - Closing main window
23:33:47.340 [JavaFX Application Thread] DEBUG Logger               - Closing Logger
