23:24:12.135 [main                     ] DEBUG Logger               - Configured Logger
23:24:12.139 [main                     ] DEBUG GameApplication      - Logging settings
Title: BlockBounce
Version: (beta 0.2)
Width: 1280
Height: 720
Fullscreen: true
Intro: false
Profiling: false
Single step:false
App Mode: DEVELOPER
Menu Key: ESCAPE
Stage Style: DECORATED
Scene Factory: class com.birb_birb.blockbounce.core.BlockBounceApp$1

23:24:12.496 [JavaFX Application Thread] DEBUG FXGLApplication      - Initializing FXGL
23:24:12.499 [JavaFX Application Thread] INFO  Engine               - FXGL-21.1 (27.03.2024 07.52) on WINDOWS (J:24.0.2 FX:21.0.1)
23:24:12.499 [JavaFX Application Thread] DEBUG Engine               - JRE Vendor Name: Eclipse Adoptium
23:24:12.499 [JavaFX Application Thread] DEBUG Engine               - Running on OS: Windows 11 version 10.0
23:24:12.499 [JavaFX Application Thread] DEBUG Engine               - Architecture: amd64
23:24:12.499 [JavaFX Application Thread] INFO  Engine               - Source code and latest versions at: https://github.com/AlmasB/FXGL
23:24:12.499 [JavaFX Application Thread] INFO  Engine               -       Ask questions and discuss at: https://github.com/AlmasB/FXGL/discussions
23:24:12.499 [JavaFX Application Thread] INFO  Engine               -              Join the FXGL chat at: https://gitter.im/AlmasB/FXGL
23:24:12.624 [JavaFX Application Thread] DEBUG PrimaryStageWindow   - Creating a JavaFX scene
23:24:12.662 [JavaFX Application Thread] DEBUG PrimaryStageWindow   - Target settings size: 1280.0 x 720.0
23:24:12.662 [JavaFX Application Thread] DEBUG PrimaryStageWindow   - Scaled scene size:    1280.0 x 720.0
23:24:12.662 [JavaFX Application Thread] DEBUG PrimaryStageWindow   - Scaled ratio: (1.0, 1.0)
23:24:12.663 [JavaFX Application Thread] DEBUG PrimaryStageWindow   - Set initial scene to FXGLStartupScene
23:24:12.667 [JavaFX Application Thread] DEBUG PrimaryStageWindow   - Opening main window
23:24:12.736 [JavaFX Application Thread] DEBUG PrimaryStageWindow   - Window border size: (14.4000244140625, 37.5999755859375)
23:24:12.736 [JavaFX Application Thread] DEBUG PrimaryStageWindow   - Scaled size: 1280.0 x 720.0
23:24:12.736 [JavaFX Application Thread] DEBUG PrimaryStageWindow   - Scaled ratio: (1.0, 1.0)
23:24:12.736 [JavaFX Application Thread] DEBUG PrimaryStageWindow   - Scene size: 1280.0 x 720.0
23:24:12.737 [JavaFX Application Thread] DEBUG PrimaryStageWindow   - Stage size: 1294.4000244140625 x 757.5999755859375
23:24:12.743 [FXGL Background Thread 1 ] DEBUG Engine               - Initializing environment variables
23:24:12.795 [FXGL Background Thread 1 ] DEBUG FXGLAssetLoaderServi - User app class for loading assets: class com.birb_birb.blockbounce.core.BlockBounceApp
23:24:12.795 [FXGL Background Thread 1 ] DEBUG GameApplicationServi - Applying CSS: fxgl_dark.css
23:24:12.795 [FXGL Background Thread 1 ] DEBUG FXGLAssetLoaderServi - Loading from file system: jar:file:/C:/Users/chudu/.gradle/caches/modules-2/files-2.1/com.github.almasb/fxgl/21.1/88c288ebc8641e470d974327703f09f8958e725d/fxgl-21.1.jar!/fxglassets/ui/css/fxgl_dark.css
23:24:12.832 [FXGL Background Thread 1 ] DEBUG GameApplicationServi - Initializing application scenes
23:24:12.864 [FXGL Background Thread 1 ] DEBUG GameWorld            - Game world initialized
23:24:12.916 [FXGL Background Thread 1 ] DEBUG PhysicsWorld         - Physics world initialized: appHeight=720, physics.ppm=50.0
23:24:12.917 [FXGL Background Thread 1 ] DEBUG PhysicsWorld         - Using strategy: BRUTE_FORCE
23:24:12.920 [FXGL Background Thread 1 ] DEBUG GameScene            - Game scene initialized: 1280x720
23:24:12.923 [FXGL Background Thread 1 ] DEBUG FXGLAssetLoaderServi - Loading from file system: file:/C:/Anh/Projects/BlockBounce/build/resources/main/assets/sounds/hover.wav
23:24:12.981 [FXGL Background Thread 1 ] DEBUG FXGLAssetLoaderServi - Loading from file system: file:/C:/Anh/Projects/BlockBounce/build/resources/main/assets/sounds/click.wav
23:24:13.062 [FXGL Background Thread 1 ] DEBUG GameApplicationServi - Application scenes initialized
23:24:13.072 [FXGL Background Thread 1 ] DEBUG SystemBundleService  - Loading FXGL system data
23:24:13.075 [FXGL Background Thread 1 ] DEBUG FileSystemAccess     - Reading from: C:\Anh\Projects\BlockBounce\system\fxgl.bundle
23:24:13.079 [FXGL Background Thread 1 ] DEBUG SystemBundleService  - Bundle FXGL: {}
23:24:13.079 [FXGL Background Thread 1 ] DEBUG UpdaterService       - Checking for updates
23:24:13.084 [FXGL Background Thread 4 ] DEBUG FXGLApplication      - Loading fonts
23:24:13.084 [FXGL Background Thread 4 ] DEBUG FXGLAssetLoaderServi - Loading from file system: jar:file:/C:/Users/chudu/.gradle/caches/modules-2/files-2.1/com.github.almasb/fxgl/21.1/88c288ebc8641e470d974327703f09f8958e725d/fxgl-21.1.jar!/fxglassets/ui/fonts/VarelaRound-Regular.ttf
23:24:13.085 [FXGL Background Thread 1 ] DEBUG FXGLApplication      - Loading default localization
23:24:13.085 [FXGL Background Thread 1 ] DEBUG FXGLAssetLoaderServi - Loading from file system: jar:file:/C:/Users/chudu/.gradle/caches/modules-2/files-2.1/com.github.almasb/fxgl/21.1/88c288ebc8641e470d974327703f09f8958e725d/fxgl-21.1.jar!/fxglassets/languages/english.lang
23:24:13.098 [FXGL Background Thread 4 ] DEBUG FXGLAssetLoaderServi - Loading from file system: jar:file:/C:/Users/chudu/.gradle/caches/modules-2/files-2.1/com.github.almasb/fxgl/21.1/88c288ebc8641e470d974327703f09f8958e725d/fxgl-21.1.jar!/fxglassets/ui/fonts/Abel-Regular.ttf
23:24:13.106 [FXGL Background Thread 1 ] INFO  FXGLApplication      - FXGL initialization took: 0.363 sec
23:24:13.107 [JavaFX Application Thread] DEBUG FXGLAssetLoaderServi - Loading from file system: jar:file:/C:/Users/chudu/.gradle/caches/modules-2/files-2.1/com.github.almasb/fxgl/21.1/88c288ebc8641e470d974327703f09f8958e725d/fxgl-21.1.jar!/fxglassets/textures/fxgl_icon.png
23:24:13.109 [FXGL Background Thread 4 ] DEBUG FXGLAssetLoaderServi - Loading from file system: jar:file:/C:/Users/chudu/.gradle/caches/modules-2/files-2.1/com.github.almasb/fxgl/21.1/88c288ebc8641e470d974327703f09f8958e725d/fxgl-21.1.jar!/fxglassets/ui/fonts/TerminalLandMono-Regular.otf
23:24:13.118 [FXGL Background Thread 4 ] DEBUG FXGLAssetLoaderServi - Loading from file system: jar:file:/C:/Users/chudu/.gradle/caches/modules-2/files-2.1/com.github.almasb/fxgl/21.1/88c288ebc8641e470d974327703f09f8958e725d/fxgl-21.1.jar!/fxglassets/ui/fonts/Courier-Prime.ttf
23:24:13.125 [JavaFX Application Thread] DEBUG FXGLAssetLoaderServi - Loading from file system: jar:file:/C:/Users/chudu/.gradle/caches/modules-2/files-2.1/com.github.almasb/fxgl/21.1/88c288ebc8641e470d974327703f09f8958e725d/fxgl-21.1.jar!/fxglassets/textures/fxgl_default_cursor.png
23:24:13.135 [JavaFX Application Thread] DEBUG Input                - Registered new binding: Screenshot - CTRL+8
23:24:13.135 [JavaFX Application Thread] DEBUG Input                - Registered new binding: System info dump - CTRL+9
23:24:13.136 [JavaFX Application Thread] DEBUG Input                - Registered new binding: Restart - CTRL+R
23:24:13.137 [JavaFX Application Thread] DEBUG Input                - Registered new binding: Toggle Debug Camera - CTRL+7
23:24:13.139 [JavaFX Application Thread] DEBUG LoopRunner           - Starting loop
23:24:13.139 [JavaFX Application Thread] DEBUG LoopRunner           - Initializing JavaFX AnimationTimerLoop
23:24:13.142 [JavaFX Application Thread] DEBUG Input                - Clearing active input actions
23:24:13.148 [JavaFX Application Thread] DEBUG GameApplicationServi - Removing overlay from FXGLStartupScene and adding to FXGLMainMenuDummyScene
23:24:13.148 [JavaFX Application Thread] DEBUG PrimaryStageWindow   - FXGLStartupScene -> FXGLMainMenuDummyScene
23:24:13.148 [JavaFX Application Thread] DEBUG PrimaryStageWindow   - Push state: MainMenu
23:24:13.149 [JavaFX Application Thread] DEBUG Input                - Clearing active input actions
23:24:13.157 [JavaFX Application Thread] DEBUG GameApplicationServi - Removing overlay from FXGLMainMenuDummyScene and adding to MainMenu
23:24:13.157 [JavaFX Application Thread] DEBUG PrimaryStageWindow   - FXGLMainMenuDummyScene -> MainMenu
23:24:13.157 [JavaFX Application Thread] DEBUG FXGLApplication      - Registering font factories with UI factory
23:24:14.361 [JavaFX Application Thread] DEBUG Input                - Registered new binding: ESC_BACK - Esc
23:24:14.361 [JavaFX Application Thread] DEBUG PrimaryStageWindow   - Push state: StoryModeMenu
23:24:14.361 [JavaFX Application Thread] DEBUG Input                - Clearing active input actions
23:24:14.362 [JavaFX Application Thread] DEBUG GameApplicationServi - Removing overlay from MainMenu and adding to StoryModeMenu
23:24:14.362 [JavaFX Application Thread] DEBUG PrimaryStageWindow   - MainMenu -> StoryModeMenu
23:24:14.900 [JavaFX Application Thread] DEBUG GameApplicationServi - Starting new game
23:24:14.901 [JavaFX Application Thread] DEBUG PrimaryStageWindow   - Pop state: StoryModeMenu
23:24:14.901 [JavaFX Application Thread] DEBUG Input                - Clearing active input actions
23:24:14.901 [JavaFX Application Thread] DEBUG GameApplicationServi - Removing overlay from StoryModeMenu and adding to MainMenu
23:24:14.902 [JavaFX Application Thread] DEBUG PrimaryStageWindow   - MainMenu <- StoryModeMenu
23:24:14.902 [JavaFX Application Thread] DEBUG PrimaryStageWindow   - Pop state: MainMenu
23:24:14.902 [JavaFX Application Thread] DEBUG Input                - Clearing active input actions
23:24:14.902 [JavaFX Application Thread] DEBUG GameApplicationServi - Removing overlay from MainMenu and adding to FXGLMainMenuDummyScene
23:24:14.902 [JavaFX Application Thread] DEBUG PrimaryStageWindow   - FXGLMainMenuDummyScene <- MainMenu
23:24:14.902 [JavaFX Application Thread] DEBUG Input                - Clearing active input actions
23:24:14.906 [JavaFX Application Thread] DEBUG GameApplicationServi - Removing overlay from FXGLMainMenuDummyScene and adding to FXGLLoadingScene
23:24:14.906 [JavaFX Application Thread] DEBUG PrimaryStageWindow   - FXGLMainMenuDummyScene -> FXGLLoadingScene
23:24:14.906 [JavaFX Application Thread] DEBUG GameApplicationServi - Clearing previous game
23:24:14.906 [JavaFX Application Thread] DEBUG GameScene            - Clearing game scene
23:24:14.906 [JavaFX Application Thread] DEBUG GameWorld            - Clearing game world
23:24:14.906 [JavaFX Application Thread] DEBUG PhysicsWorld         - Clearing physics world
23:24:14.908 [FXGL Background Thread 2 ] DEBUG FXGLApplication      - Initializing game
23:24:14.910 [FXGL Background Thread 2 ] DEBUG PhysicsWorld         - Clearing physics world
23:24:14.911 [FXGL Background Thread 2 ] DEBUG FXGLAssetLoaderServi - Loading from file system: file:/C:/Anh/Projects/BlockBounce/build/resources/main/assets/textures//entities/background.png
23:24:14.944 [FXGL Background Thread 2 ] DEBUG FXGLAssetLoaderServi - Loading from file system: file:/C:/Anh/Projects/BlockBounce/build/resources/main/assets/textures//entities/brick.png
23:24:14.966 [FXGL Background Thread 2 ] DEBUG FXGLAssetLoaderServi - Loading from file system: file:/C:/Anh/Projects/BlockBounce/build/resources/main/assets/textures//entities/paddle.png
23:24:14.968 [FXGL Background Thread 2 ] DEBUG FXGLAssetLoaderServi - Loading from file system: file:/C:/Anh/Projects/BlockBounce/build/resources/main/assets/textures//entities/ball.png
23:24:14.970 [FXGL Background Thread 2 ] DEBUG FXGLAssetLoaderServi - Loading from file system: file:/C:/Anh/Projects/BlockBounce/build/resources/main/assets/textures/ui/story_mode_frame.png
23:24:14.995 [JavaFX Application Thread] DEBUG LoopRunner           - Stopping loop
23:24:14.997 [JavaFX Application Thread] FATAL FXGLApplication      - Uncaught Exception:
java.lang.RuntimeException: Initialization failed
	at com.almasb.fxgl.app.FXGLApplication$InitAppTask.failed(FXGLApplication.kt:347)
	at javafx.concurrent.Task.setState(Task.java:710)
	at javafx.concurrent.Task$TaskCallable.lambda$call$2(Task.java:1429)
	at com.sun.javafx.application.PlatformImpl.lambda$runLater$10(PlatformImpl.java:456)
	at java.base/java.security.AccessController.doPrivileged(AccessController.java:138)
	at com.sun.javafx.application.PlatformImpl.lambda$runLater$11(PlatformImpl.java:455)
	at com.sun.glass.ui.InvokeLaterDispatcher$Future.run(InvokeLaterDispatcher.java:95)
	at com.sun.glass.ui.win.WinApplication._runLoop(Native Method)
	at com.sun.glass.ui.win.WinApplication.lambda$runLoop$3(WinApplication.java:185)
	at java.base/java.lang.Thread.run(Thread.java:1447)
Caused by: java.lang.NullPointerException: Cannot invoke "javafx.scene.Scene.setOnKeyPressed(javafx.event.EventHandler)" because the return value of "javafx.scene.layout.Pane.getScene()" is null
	at com.birb_birb.blockbounce.core.BlockBounceApp.initGame(BlockBounceApp.java:95)
	at com.almasb.fxgl.app.FXGLApplication$InitAppTask.initGame(FXGLApplication.kt:343)
	at com.almasb.fxgl.app.FXGLApplication$InitAppTask.call(FXGLApplication.kt:321)
	at com.almasb.fxgl.app.FXGLApplication$InitAppTask.call(FXGLApplication.kt:313)
	at javafx.concurrent.Task$TaskCallable.call(Task.java:1399)
	at java.base/java.util.concurrent.FutureTask.run(FutureTask.java:328)
	at java.base/java.util.concurrent.Executors$RunnableAdapter.call(Executors.java:545)
	at java.base/java.util.concurrent.FutureTask.run(FutureTask.java:328)
	at java.base/java.util.concurrent.ThreadPoolExecutor.runWorker(ThreadPoolExecutor.java:1095)
	at java.base/java.util.concurrent.ThreadPoolExecutor$Worker.run(ThreadPoolExecutor.java:619)
	... 1 more

23:24:14.997 [JavaFX Application Thread] FATAL FXGLApplication      - Application will now exit
23:24:15.008 [JavaFX Application Thread] DEBUG PrimaryStageWindow   - Push state: ErrorSubScene
23:24:15.009 [JavaFX Application Thread] DEBUG Input                - Clearing active input actions
23:24:15.010 [JavaFX Application Thread] DEBUG GameApplicationServi - Removing overlay from FXGLLoadingScene and adding to ErrorSubScene
23:24:15.010 [JavaFX Application Thread] DEBUG PrimaryStageWindow   - FXGLLoadingScene -> ErrorSubScene
23:24:16.084 [FXGL Background Thread 3 ] DEBUG Engine               - Logging environment variables
23:24:16.085 [FXGL Background Thread 3 ] DEBUG Engine               - achievements: []
23:24:16.085 [FXGL Background Thread 3 ] DEBUG Engine               - actualHeight: 720.0
23:24:16.085 [FXGL Background Thread 3 ] DEBUG Engine               - actualHeightProperty: ReadOnlyDoubleProperty [value: 720.0]
23:24:16.085 [FXGL Background Thread 3 ] DEBUG Engine               - actualWidth: 1280.0
23:24:16.085 [FXGL Background Thread 3 ] DEBUG Engine               - actualWidthProperty: ReadOnlyDoubleProperty [value: 1280.0]
23:24:16.085 [FXGL Background Thread 3 ] DEBUG Engine               - appIcon: fxgl_icon.png
23:24:16.085 [FXGL Background Thread 3 ] DEBUG Engine               - applicationMode: DEVELOPER
23:24:16.085 [FXGL Background Thread 3 ] DEBUG Engine               - cSSList: [fxgl_dark.css]
23:24:16.085 [FXGL Background Thread 3 ] DEBUG Engine               - collisionDetectionStrategy: BRUTE_FORCE
23:24:16.085 [FXGL Background Thread 3 ] DEBUG Engine               - configClass: Optional.empty
23:24:16.085 [FXGL Background Thread 3 ] DEBUG Engine               - credits: []
23:24:16.087 [FXGL Background Thread 3 ] DEBUG Engine               - defaultCursor: CursorInfo(imageName=fxgl_default_cursor.png, hotspotX=7.0, hotspotY=6.0)
23:24:16.087 [FXGL Background Thread 3 ] DEBUG Engine               - devBBoxColorProperty: ObjectProperty [value: 0xff0000ff]
23:24:16.087 [FXGL Background Thread 3 ] DEBUG Engine               - devEnableDebugCameraProperty: BooleanProperty [value: false]
23:24:16.087 [FXGL Background Thread 3 ] DEBUG Engine               - devSensorColorProperty: ObjectProperty [value: 0xffff00ff]
23:24:16.087 [FXGL Background Thread 3 ] DEBUG Engine               - devShowBBoxProperty: BooleanProperty [value: false]
23:24:16.087 [FXGL Background Thread 3 ] DEBUG Engine               - devShowPositionProperty: BooleanProperty [value: false]
23:24:16.087 [FXGL Background Thread 3 ] DEBUG Engine               - enabledMenuItems: []
23:24:16.087 [FXGL Background Thread 3 ] DEBUG Engine               - engineServices: [class com.almasb.fxgl.app.services.FXGLAssetLoaderService, class com.almasb.fxgl.app.FXGLApplication$GameApplicationService, class com.almasb.fxgl.app.services.FXGLDialogService, class com.almasb.fxgl.app.services.IOTaskExecutorService, class com.almasb.fxgl.io.FileSystemService, class com.almasb.fxgl.localization.LocalizationService, class com.almasb.fxgl.app.services.SystemBundleService, class com.almasb.fxgl.profile.SaveLoadService, class com.almasb.fxgl.ui.FXGLUIFactoryServiceProvider, class com.almasb.fxgl.ui.FXGLDialogFactoryServiceProvider, class com.almasb.fxgl.audio.AudioPlayer, class com.almasb.fxgl.notification.impl.NotificationServiceProvider, class com.almasb.fxgl.achievement.AchievementService, class com.almasb.fxgl.cutscene.CutsceneService, class com.almasb.fxgl.minigames.MiniGameService, class com.almasb.fxgl.net.NetService, class com.almasb.fxgl.app.services.UpdaterService, class com.almasb.fxgl.dev.DevService]
23:24:16.087 [FXGL Background Thread 3 ] DEBUG Engine               - fontGame: Abel-Regular.ttf
23:24:16.087 [FXGL Background Thread 3 ] DEBUG Engine               - fontMono: TerminalLandMono-Regular.otf
23:24:16.087 [FXGL Background Thread 3 ] DEBUG Engine               - fontSizeScaleUI: 1.0
23:24:16.087 [FXGL Background Thread 3 ] DEBUG Engine               - fontText: Courier-Prime.ttf
23:24:16.087 [FXGL Background Thread 3 ] DEBUG Engine               - fontUI: VarelaRound-Regular.ttf
23:24:16.087 [FXGL Background Thread 3 ] DEBUG Engine               - fullScreen: BooleanProperty [value: false]
23:24:16.087 [FXGL Background Thread 3 ] DEBUG Engine               - gameDifficulty: MEDIUM
23:24:16.087 [FXGL Background Thread 3 ] DEBUG Engine               - gameDifficultyProperty: ObjectProperty [value: MEDIUM]
23:24:16.087 [FXGL Background Thread 3 ] DEBUG Engine               - globalMusicVolume: 0.5
23:24:16.087 [FXGL Background Thread 3 ] DEBUG Engine               - globalMusicVolumeProperty: DoubleProperty [value: 0.5]
23:24:16.087 [FXGL Background Thread 3 ] DEBUG Engine               - globalSoundVolume: 0.5
23:24:16.087 [FXGL Background Thread 3 ] DEBUG Engine               - globalSoundVolumeProperty: DoubleProperty [value: 0.5]
23:24:16.087 [FXGL Background Thread 3 ] DEBUG Engine               - height: 720
23:24:16.087 [FXGL Background Thread 3 ] DEBUG Engine               - is3D: false
23:24:16.087 [FXGL Background Thread 3 ] DEBUG Engine               - isAndroid: false
23:24:16.088 [FXGL Background Thread 3 ] DEBUG Engine               - isBrowser: false
23:24:16.088 [FXGL Background Thread 3 ] DEBUG Engine               - isClickFeedbackEnabled: false
23:24:16.088 [FXGL Background Thread 3 ] DEBUG Engine               - isCloseConfirmation: false
23:24:16.088 [FXGL Background Thread 3 ] DEBUG Engine               - isDesktop: true
23:24:16.088 [FXGL Background Thread 3 ] DEBUG Engine               - isDeveloperMenuEnabled: false
23:24:16.088 [FXGL Background Thread 3 ] DEBUG Engine               - isEmbedded: false
23:24:16.088 [FXGL Background Thread 3 ] DEBUG Engine               - isEntityPreloadEnabled: true
23:24:16.088 [FXGL Background Thread 3 ] DEBUG Engine               - isExperimentalTiledLargeMap: false
23:24:16.088 [FXGL Background Thread 3 ] DEBUG Engine               - isFileSystemWriteAllowed: true
23:24:16.088 [FXGL Background Thread 3 ] DEBUG Engine               - isFullScreenAllowed: true
23:24:16.088 [FXGL Background Thread 3 ] DEBUG Engine               - isFullScreenFromStart: false
23:24:16.088 [FXGL Background Thread 3 ] DEBUG Engine               - isGameMenuEnabled: false
23:24:16.088 [FXGL Background Thread 3 ] DEBUG Engine               - isIOS: false
23:24:16.088 [FXGL Background Thread 3 ] DEBUG Engine               - isIntroEnabled: false
23:24:16.088 [FXGL Background Thread 3 ] DEBUG Engine               - isLinux: false
23:24:16.088 [FXGL Background Thread 3 ] DEBUG Engine               - isMac: false
23:24:16.088 [FXGL Background Thread 3 ] DEBUG Engine               - isMainMenuEnabled: true
23:24:16.088 [FXGL Background Thread 3 ] DEBUG Engine               - isManualResizeEnabled: false
23:24:16.088 [FXGL Background Thread 3 ] DEBUG Engine               - isMobile: false
23:24:16.088 [FXGL Background Thread 3 ] DEBUG Engine               - isNative: false
23:24:16.088 [FXGL Background Thread 3 ] DEBUG Engine               - isPauseMusicWhenMinimized: true
23:24:16.088 [FXGL Background Thread 3 ] DEBUG Engine               - isPreserveResizeRatio: false
23:24:16.088 [FXGL Background Thread 3 ] DEBUG Engine               - isProfilingEnabled: false
23:24:16.088 [FXGL Background Thread 3 ] DEBUG Engine               - isScaleAffectedOnResize: true
23:24:16.088 [FXGL Background Thread 3 ] DEBUG Engine               - isSingleStep: false
23:24:16.088 [FXGL Background Thread 3 ] DEBUG Engine               - isUserProfileEnabled: false
23:24:16.088 [FXGL Background Thread 3 ] DEBUG Engine               - isWindows: true
23:24:16.088 [FXGL Background Thread 3 ] DEBUG Engine               - language: ObjectProperty [value: ENGLISH]
23:24:16.088 [FXGL Background Thread 3 ] DEBUG Engine               - menuKey: ESCAPE
23:24:16.088 [FXGL Background Thread 3 ] DEBUG Engine               - mouseSensitivity: 0.2
23:24:16.088 [FXGL Background Thread 3 ] DEBUG Engine               - notificationViewClass: class com.almasb.fxgl.notification.view.XboxNotificationView
23:24:16.088 [FXGL Background Thread 3 ] DEBUG Engine               - pixelsPerMeter: 50.0
23:24:16.088 [FXGL Background Thread 3 ] DEBUG Engine               - platform: WINDOWS
23:24:16.089 [FXGL Background Thread 3 ] DEBUG Engine               - prefHeightProperty: ReadOnlyDoubleProperty [value: 720.0]
23:24:16.089 [FXGL Background Thread 3 ] DEBUG Engine               - prefWidthProperty: ReadOnlyDoubleProperty [value: 1280.0]
23:24:16.089 [FXGL Background Thread 3 ] DEBUG Engine               - profileDir: profiles/
23:24:16.089 [FXGL Background Thread 3 ] DEBUG Engine               - profileName: StringProperty [value: DEFAULT]
23:24:16.089 [FXGL Background Thread 3 ] DEBUG Engine               - randomSeed: -1
23:24:16.089 [FXGL Background Thread 3 ] DEBUG Engine               - runtimeInfo: RuntimeInfo(platform=WINDOWS, version=21.1, build=27.03.2024 07.52)
23:24:16.089 [FXGL Background Thread 3 ] DEBUG Engine               - saveFileExt: sav
23:24:16.089 [FXGL Background Thread 3 ] DEBUG Engine               - scaledHeightProp$fxgl: DoubleProperty [bound, value: 720.0]
23:24:16.089 [FXGL Background Thread 3 ] DEBUG Engine               - scaledWidthProp$fxgl: DoubleProperty [bound, value: 1280.0]
23:24:16.089 [FXGL Background Thread 3 ] DEBUG Engine               - sceneFactory: com.birb_birb.blockbounce.core.BlockBounceApp$1@41b32f27
23:24:16.089 [FXGL Background Thread 3 ] DEBUG Engine               - secondsIn24h: 60
23:24:16.089 [FXGL Background Thread 3 ] DEBUG Engine               - soundMenuBack: menu/back.wav
23:24:16.089 [FXGL Background Thread 3 ] DEBUG Engine               - soundMenuPress: menu/press.wav
23:24:16.089 [FXGL Background Thread 3 ] DEBUG Engine               - soundMenuSelect: menu/select.wav
23:24:16.089 [FXGL Background Thread 3 ] DEBUG Engine               - soundNotification: core/notification.wav
23:24:16.089 [FXGL Background Thread 3 ] DEBUG Engine               - stageStyle: DECORATED
23:24:16.089 [FXGL Background Thread 3 ] DEBUG Engine               - supportedLanguages: [ENGLISH, FRENCH, GERMAN, HUNGARIAN, RUSSIAN]
23:24:16.089 [FXGL Background Thread 3 ] DEBUG Engine               - ticksPerSecond: -1
23:24:16.089 [FXGL Background Thread 3 ] DEBUG Engine               - title: BlockBounce
23:24:16.089 [FXGL Background Thread 3 ] DEBUG Engine               - urlGithub: https://github.com/AlmasB/FXGL
23:24:16.089 [FXGL Background Thread 3 ] DEBUG Engine               - urlLeaderboard: http://fxgl-top.herokuapp.com/
23:24:16.089 [FXGL Background Thread 3 ] DEBUG Engine               - urlPOM: https://raw.githubusercontent.com/AlmasB/FXGL/release/README.md
23:24:16.089 [FXGL Background Thread 3 ] DEBUG Engine               - userAppClass: class com.birb_birb.blockbounce.core.BlockBounceApp
23:24:16.089 [FXGL Background Thread 3 ] DEBUG Engine               - version: (beta 0.2)
23:24:16.089 [FXGL Background Thread 3 ] DEBUG Engine               - versionCheckDays: 7
23:24:16.089 [FXGL Background Thread 3 ] DEBUG Engine               - width: 1280
23:24:16.089 [FXGL Background Thread 3 ] DEBUG Engine               - Logging services
23:24:16.089 [FXGL Background Thread 3 ] DEBUG Engine               - class com.almasb.fxgl.app.services.FXGLAssetLoaderService
23:24:16.089 [FXGL Background Thread 3 ] DEBUG Engine               - class com.almasb.fxgl.app.FXGLApplication$GameApplicationService
23:24:16.089 [FXGL Background Thread 3 ] DEBUG Engine               - class com.almasb.fxgl.app.services.FXGLDialogService
23:24:16.089 [FXGL Background Thread 3 ] DEBUG Engine               - class com.almasb.fxgl.app.services.IOTaskExecutorService
23:24:16.089 [FXGL Background Thread 3 ] DEBUG Engine               - class com.almasb.fxgl.io.FileSystemService
23:24:16.089 [FXGL Background Thread 3 ] DEBUG Engine               - class com.almasb.fxgl.localization.LocalizationService
23:24:16.089 [FXGL Background Thread 3 ] DEBUG Engine               - class com.almasb.fxgl.app.services.SystemBundleService
23:24:16.089 [FXGL Background Thread 3 ] DEBUG Engine               - class com.almasb.fxgl.profile.SaveLoadService
23:24:16.089 [FXGL Background Thread 3 ] DEBUG Engine               - class com.almasb.fxgl.ui.FXGLUIFactoryServiceProvider
23:24:16.089 [FXGL Background Thread 3 ] DEBUG Engine               - class com.almasb.fxgl.ui.FXGLDialogFactoryServiceProvider
23:24:16.089 [FXGL Background Thread 3 ] DEBUG Engine               - class com.almasb.fxgl.audio.AudioPlayer
23:24:16.089 [FXGL Background Thread 3 ] DEBUG Engine               - class com.almasb.fxgl.notification.impl.NotificationServiceProvider
23:24:16.089 [FXGL Background Thread 3 ] DEBUG Engine               - class com.almasb.fxgl.achievement.AchievementService
23:24:16.090 [FXGL Background Thread 3 ] DEBUG Engine               - class com.almasb.fxgl.cutscene.CutsceneService
23:24:16.090 [FXGL Background Thread 3 ] DEBUG Engine               - class com.almasb.fxgl.minigames.MiniGameService
23:24:16.090 [FXGL Background Thread 3 ] DEBUG Engine               - class com.almasb.fxgl.net.NetService
23:24:16.090 [FXGL Background Thread 3 ] DEBUG Engine               - class com.almasb.fxgl.app.services.UpdaterService
23:24:16.090 [FXGL Background Thread 3 ] DEBUG Engine               - class com.almasb.fxgl.dev.DevService
23:24:20.894 [JavaFX Application Thread] DEBUG FXGLApplication      - Exiting FXGL
23:24:20.894 [JavaFX Application Thread] DEBUG Async                - Shutting down background threads
23:24:20.894 [JavaFX Application Thread] DEBUG PrimaryStageWindow   - Closing main window
23:24:20.905 [JavaFX Application Thread] DEBUG Logger               - Closing Logger
