08:20:39.492 [main                     ] DEBUG Logger               - Configured Logger
08:20:39.498 [main                     ] DEBUG GameApplication      - Logging settings
Title: BlockBounce
Version: (beta 0.2)
Width: 1280
Height: 720
Fullscreen: true
Intro: false
Profiling: false
Single step:false
App Mode: DEVELOPER
Menu Key: ESCAPE
Stage Style: DECORATED
Scene Factory: class com.birb_birb.blockbounce.core.BlockBounceApp$1

08:20:39.939 [JavaFX Application Thread] DEBUG FXGLApplication      - Initializing FXGL
08:20:39.942 [JavaFX Application Thread] INFO  Engine               - FXGL-21.1 (27.03.2024 07.52) on WINDOWS (J:24.0.2 FX:21.0.1)
08:20:39.942 [JavaFX Application Thread] DEBUG Engine               - JRE Vendor Name: Eclipse Adoptium
08:20:39.942 [JavaFX Application Thread] DEBUG Engine               - Running on OS: Windows 11 version 10.0
08:20:39.942 [JavaFX Application Thread] DEBUG Engine               - Architecture: amd64
08:20:39.942 [JavaFX Application Thread] INFO  Engine               - Source code and latest versions at: https://github.com/AlmasB/FXGL
08:20:39.942 [JavaFX Application Thread] INFO  Engine               -       Ask questions and discuss at: https://github.com/AlmasB/FXGL/discussions
08:20:39.942 [JavaFX Application Thread] INFO  Engine               -              Join the FXGL chat at: https://gitter.im/AlmasB/FXGL
08:20:40.025 [JavaFX Application Thread] DEBUG PrimaryStageWindow   - Creating a JavaFX scene
08:20:40.097 [JavaFX Application Thread] DEBUG PrimaryStageWindow   - Target settings size: 1280.0 x 720.0
08:20:40.097 [JavaFX Application Thread] DEBUG PrimaryStageWindow   - Scaled scene size:    1280.0 x 720.0
08:20:40.097 [JavaFX Application Thread] DEBUG PrimaryStageWindow   - Scaled ratio: (1.0, 1.0)
08:20:40.098 [JavaFX Application Thread] DEBUG PrimaryStageWindow   - Set initial scene to FXGLStartupScene
08:20:40.102 [JavaFX Application Thread] DEBUG PrimaryStageWindow   - Opening main window
08:20:40.176 [JavaFX Application Thread] DEBUG PrimaryStageWindow   - Window border size: (14.4000244140625, 37.5999755859375)
08:20:40.176 [JavaFX Application Thread] DEBUG PrimaryStageWindow   - Scaled size: 1280.0 x 720.0
08:20:40.176 [JavaFX Application Thread] DEBUG PrimaryStageWindow   - Scaled ratio: (1.0, 1.0)
08:20:40.176 [JavaFX Application Thread] DEBUG PrimaryStageWindow   - Scene size: 1280.0 x 720.0
08:20:40.177 [JavaFX Application Thread] DEBUG PrimaryStageWindow   - Stage size: 1294.4000244140625 x 757.5999755859375
08:20:40.183 [FXGL Background Thread 1 ] DEBUG Engine               - Initializing environment variables
08:20:40.239 [FXGL Background Thread 1 ] DEBUG FXGLAssetLoaderServi - User app class for loading assets: class com.birb_birb.blockbounce.core.BlockBounceApp
08:20:40.239 [FXGL Background Thread 1 ] DEBUG GameApplicationServi - Applying CSS: fxgl_dark.css
08:20:40.240 [FXGL Background Thread 1 ] DEBUG FXGLAssetLoaderServi - Loading from file system: jar:file:/C:/Users/chudu/.gradle/caches/modules-2/files-2.1/com.github.almasb/fxgl/21.1/88c288ebc8641e470d974327703f09f8958e725d/fxgl-21.1.jar!/fxglassets/ui/css/fxgl_dark.css
08:20:40.274 [FXGL Background Thread 1 ] DEBUG GameApplicationServi - Initializing application scenes
08:20:40.305 [FXGL Background Thread 1 ] DEBUG GameWorld            - Game world initialized
08:20:40.355 [FXGL Background Thread 1 ] DEBUG PhysicsWorld         - Physics world initialized: appHeight=720, physics.ppm=50.0
08:20:40.356 [FXGL Background Thread 1 ] DEBUG PhysicsWorld         - Using strategy: BRUTE_FORCE
08:20:40.359 [FXGL Background Thread 1 ] DEBUG GameScene            - Game scene initialized: 1280x720
08:20:40.371 [FXGL Background Thread 1 ] DEBUG FXGLAssetLoaderServi - Loading from file system: file:/C:/Anh/Projects/BlockBounce/build/resources/main/assets/sounds/hover.wav
08:20:40.533 [FXGL Background Thread 1 ] DEBUG FXGLAssetLoaderServi - Loading from file system: file:/C:/Anh/Projects/BlockBounce/build/resources/main/assets/sounds/click.wav
08:20:40.656 [FXGL Background Thread 1 ] DEBUG GameApplicationServi - Application scenes initialized
08:20:40.668 [FXGL Background Thread 1 ] DEBUG SystemBundleService  - Loading FXGL system data
08:20:40.678 [FXGL Background Thread 1 ] DEBUG FileSystemAccess     - Reading from: C:\Anh\Projects\BlockBounce\system\fxgl.bundle
08:20:40.684 [FXGL Background Thread 1 ] DEBUG SystemBundleService  - Bundle FXGL: {}
08:20:40.684 [FXGL Background Thread 1 ] DEBUG UpdaterService       - Checking for updates
08:20:40.688 [FXGL Background Thread 4 ] DEBUG FXGLApplication      - Loading fonts
08:20:40.688 [FXGL Background Thread 4 ] DEBUG FXGLAssetLoaderServi - Loading from file system: jar:file:/C:/Users/chudu/.gradle/caches/modules-2/files-2.1/com.github.almasb/fxgl/21.1/88c288ebc8641e470d974327703f09f8958e725d/fxgl-21.1.jar!/fxglassets/ui/fonts/VarelaRound-Regular.ttf
08:20:40.689 [FXGL Background Thread 1 ] DEBUG FXGLApplication      - Loading default localization
08:20:40.689 [FXGL Background Thread 1 ] DEBUG FXGLAssetLoaderServi - Loading from file system: jar:file:/C:/Users/chudu/.gradle/caches/modules-2/files-2.1/com.github.almasb/fxgl/21.1/88c288ebc8641e470d974327703f09f8958e725d/fxgl-21.1.jar!/fxglassets/languages/english.lang
08:20:40.700 [FXGL Background Thread 4 ] DEBUG FXGLAssetLoaderServi - Loading from file system: jar:file:/C:/Users/chudu/.gradle/caches/modules-2/files-2.1/com.github.almasb/fxgl/21.1/88c288ebc8641e470d974327703f09f8958e725d/fxgl-21.1.jar!/fxglassets/ui/fonts/Abel-Regular.ttf
08:20:40.711 [FXGL Background Thread 4 ] DEBUG FXGLAssetLoaderServi - Loading from file system: jar:file:/C:/Users/chudu/.gradle/caches/modules-2/files-2.1/com.github.almasb/fxgl/21.1/88c288ebc8641e470d974327703f09f8958e725d/fxgl-21.1.jar!/fxglassets/ui/fonts/TerminalLandMono-Regular.otf
08:20:40.718 [FXGL Background Thread 1 ] INFO  FXGLApplication      - FXGL initialization took: 0.535 sec
08:20:40.719 [JavaFX Application Thread] DEBUG FXGLAssetLoaderServi - Loading from file system: jar:file:/C:/Users/chudu/.gradle/caches/modules-2/files-2.1/com.github.almasb/fxgl/21.1/88c288ebc8641e470d974327703f09f8958e725d/fxgl-21.1.jar!/fxglassets/textures/fxgl_icon.png
08:20:40.721 [FXGL Background Thread 4 ] DEBUG FXGLAssetLoaderServi - Loading from file system: jar:file:/C:/Users/chudu/.gradle/caches/modules-2/files-2.1/com.github.almasb/fxgl/21.1/88c288ebc8641e470d974327703f09f8958e725d/fxgl-21.1.jar!/fxglassets/ui/fonts/Courier-Prime.ttf
08:20:40.736 [JavaFX Application Thread] DEBUG FXGLAssetLoaderServi - Loading from file system: jar:file:/C:/Users/chudu/.gradle/caches/modules-2/files-2.1/com.github.almasb/fxgl/21.1/88c288ebc8641e470d974327703f09f8958e725d/fxgl-21.1.jar!/fxglassets/textures/fxgl_default_cursor.png
08:20:40.745 [JavaFX Application Thread] DEBUG Input                - Registered new binding: Screenshot - CTRL+8
08:20:40.746 [JavaFX Application Thread] DEBUG Input                - Registered new binding: System info dump - CTRL+9
08:20:40.747 [JavaFX Application Thread] DEBUG Input                - Registered new binding: Restart - CTRL+R
08:20:40.747 [JavaFX Application Thread] DEBUG Input                - Registered new binding: Toggle Debug Camera - CTRL+7
08:20:40.750 [JavaFX Application Thread] DEBUG LoopRunner           - Starting loop
08:20:40.750 [JavaFX Application Thread] DEBUG LoopRunner           - Initializing JavaFX AnimationTimerLoop
08:20:40.753 [JavaFX Application Thread] DEBUG Input                - Clearing active input actions
08:20:40.757 [JavaFX Application Thread] DEBUG GameApplicationServi - Removing overlay from FXGLStartupScene and adding to FXGLMainMenuDummyScene
08:20:40.758 [JavaFX Application Thread] DEBUG PrimaryStageWindow   - FXGLStartupScene -> FXGLMainMenuDummyScene
08:20:40.758 [JavaFX Application Thread] DEBUG PrimaryStageWindow   - Push state: MainMenu
08:20:40.759 [JavaFX Application Thread] DEBUG Input                - Clearing active input actions
08:20:40.765 [JavaFX Application Thread] DEBUG GameApplicationServi - Removing overlay from FXGLMainMenuDummyScene and adding to MainMenu
08:20:40.765 [JavaFX Application Thread] DEBUG PrimaryStageWindow   - FXGLMainMenuDummyScene -> MainMenu
08:20:40.765 [JavaFX Application Thread] DEBUG FXGLApplication      - Registering font factories with UI factory
08:20:41.979 [JavaFX Application Thread] DEBUG Input                - Registered new binding: ESC_BACK - Esc
08:20:41.979 [JavaFX Application Thread] DEBUG PrimaryStageWindow   - Push state: StoryModeMenu
08:20:41.979 [JavaFX Application Thread] DEBUG Input                - Clearing active input actions
08:20:41.979 [JavaFX Application Thread] DEBUG GameApplicationServi - Removing overlay from MainMenu and adding to StoryModeMenu
08:20:41.979 [JavaFX Application Thread] DEBUG PrimaryStageWindow   - MainMenu -> StoryModeMenu
08:20:42.883 [JavaFX Application Thread] DEBUG GameApplicationServi - Starting new game
08:20:42.883 [JavaFX Application Thread] DEBUG PrimaryStageWindow   - Pop state: StoryModeMenu
08:20:42.883 [JavaFX Application Thread] DEBUG Input                - Clearing active input actions
08:20:42.883 [JavaFX Application Thread] DEBUG GameApplicationServi - Removing overlay from StoryModeMenu and adding to MainMenu
08:20:42.885 [JavaFX Application Thread] DEBUG PrimaryStageWindow   - MainMenu <- StoryModeMenu
08:20:42.885 [JavaFX Application Thread] DEBUG PrimaryStageWindow   - Pop state: MainMenu
08:20:42.885 [JavaFX Application Thread] DEBUG Input                - Clearing active input actions
08:20:42.885 [JavaFX Application Thread] DEBUG GameApplicationServi - Removing overlay from MainMenu and adding to FXGLMainMenuDummyScene
08:20:42.885 [JavaFX Application Thread] DEBUG PrimaryStageWindow   - FXGLMainMenuDummyScene <- MainMenu
08:20:42.885 [JavaFX Application Thread] DEBUG Input                - Clearing active input actions
08:20:42.889 [JavaFX Application Thread] DEBUG GameApplicationServi - Removing overlay from FXGLMainMenuDummyScene and adding to FXGLLoadingScene
08:20:42.889 [JavaFX Application Thread] DEBUG PrimaryStageWindow   - FXGLMainMenuDummyScene -> FXGLLoadingScene
08:20:42.889 [JavaFX Application Thread] DEBUG GameApplicationServi - Clearing previous game
08:20:42.889 [JavaFX Application Thread] DEBUG GameScene            - Clearing game scene
08:20:42.889 [JavaFX Application Thread] DEBUG GameWorld            - Clearing game world
08:20:42.889 [JavaFX Application Thread] DEBUG PhysicsWorld         - Clearing physics world
08:20:42.891 [FXGL Background Thread 2 ] DEBUG FXGLApplication      - Initializing game
08:20:42.903 [FXGL Background Thread 2 ] DEBUG PhysicsWorld         - Clearing physics world
08:20:42.928 [FXGL Background Thread 2 ] DEBUG FXGLAssetLoaderServi - Loading from file system: file:/C:/Anh/Projects/BlockBounce/build/resources/main/assets/textures//entities/background.png
08:20:42.961 [FXGL Background Thread 2 ] DEBUG FXGLAssetLoaderServi - Loading from file system: file:/C:/Anh/Projects/BlockBounce/build/resources/main/assets/textures//entities/brick.png
08:20:42.989 [FXGL Background Thread 2 ] DEBUG FXGLAssetLoaderServi - Loading from file system: file:/C:/Anh/Projects/BlockBounce/build/resources/main/assets/textures//entities/paddle.png
08:20:42.998 [FXGL Background Thread 2 ] DEBUG FXGLAssetLoaderServi - Loading from file system: file:/C:/Anh/Projects/BlockBounce/build/resources/main/assets/textures//entities/ball.png
08:20:43.010 [FXGL Background Thread 2 ] DEBUG FXGLAssetLoaderServi - Loading from file system: file:/C:/Anh/Projects/BlockBounce/build/resources/main/assets/textures/ui/story_mode_frame.png
08:20:43.053 [FXGL Background Thread 2 ] INFO  FXGLApplication      - Game initialization took: 0.161 sec
08:20:43.055 [JavaFX Application Thread] DEBUG Input                - Clearing active input actions
08:20:43.059 [JavaFX Application Thread] DEBUG GameApplicationServi - Removing overlay from FXGLLoadingScene and adding to GameScene
08:20:43.059 [JavaFX Application Thread] DEBUG PrimaryStageWindow   - FXGLLoadingScene -> GameScene
08:20:43.689 [FXGL Background Thread 3 ] DEBUG Engine               - Logging environment variables
08:20:43.689 [FXGL Background Thread 3 ] DEBUG Engine               - achievements: []
08:20:43.689 [FXGL Background Thread 3 ] DEBUG Engine               - actualHeight: 720.0
08:20:43.689 [FXGL Background Thread 3 ] DEBUG Engine               - actualHeightProperty: ReadOnlyDoubleProperty [value: 720.0]
08:20:43.689 [FXGL Background Thread 3 ] DEBUG Engine               - actualWidth: 1280.0
08:20:43.689 [FXGL Background Thread 3 ] DEBUG Engine               - actualWidthProperty: ReadOnlyDoubleProperty [value: 1280.0]
08:20:43.689 [FXGL Background Thread 3 ] DEBUG Engine               - appIcon: fxgl_icon.png
08:20:43.689 [FXGL Background Thread 3 ] DEBUG Engine               - applicationMode: DEVELOPER
08:20:43.689 [FXGL Background Thread 3 ] DEBUG Engine               - cSSList: [fxgl_dark.css]
08:20:43.689 [FXGL Background Thread 3 ] DEBUG Engine               - collisionDetectionStrategy: BRUTE_FORCE
08:20:43.689 [FXGL Background Thread 3 ] DEBUG Engine               - configClass: Optional.empty
08:20:43.689 [FXGL Background Thread 3 ] DEBUG Engine               - credits: []
08:20:43.691 [FXGL Background Thread 3 ] DEBUG Engine               - defaultCursor: CursorInfo(imageName=fxgl_default_cursor.png, hotspotX=7.0, hotspotY=6.0)
08:20:43.691 [FXGL Background Thread 3 ] DEBUG Engine               - devBBoxColorProperty: ObjectProperty [value: 0xff0000ff]
08:20:43.691 [FXGL Background Thread 3 ] DEBUG Engine               - devEnableDebugCameraProperty: BooleanProperty [value: false]
08:20:43.691 [FXGL Background Thread 3 ] DEBUG Engine               - devSensorColorProperty: ObjectProperty [value: 0xffff00ff]
08:20:43.691 [FXGL Background Thread 3 ] DEBUG Engine               - devShowBBoxProperty: BooleanProperty [value: false]
08:20:43.691 [FXGL Background Thread 3 ] DEBUG Engine               - devShowPositionProperty: BooleanProperty [value: false]
08:20:43.692 [FXGL Background Thread 3 ] DEBUG Engine               - enabledMenuItems: []
08:20:43.692 [FXGL Background Thread 3 ] DEBUG Engine               - engineServices: [class com.almasb.fxgl.app.services.FXGLAssetLoaderService, class com.almasb.fxgl.app.FXGLApplication$GameApplicationService, class com.almasb.fxgl.app.services.FXGLDialogService, class com.almasb.fxgl.app.services.IOTaskExecutorService, class com.almasb.fxgl.io.FileSystemService, class com.almasb.fxgl.localization.LocalizationService, class com.almasb.fxgl.app.services.SystemBundleService, class com.almasb.fxgl.profile.SaveLoadService, class com.almasb.fxgl.ui.FXGLUIFactoryServiceProvider, class com.almasb.fxgl.ui.FXGLDialogFactoryServiceProvider, class com.almasb.fxgl.audio.AudioPlayer, class com.almasb.fxgl.notification.impl.NotificationServiceProvider, class com.almasb.fxgl.achievement.AchievementService, class com.almasb.fxgl.cutscene.CutsceneService, class com.almasb.fxgl.minigames.MiniGameService, class com.almasb.fxgl.net.NetService, class com.almasb.fxgl.app.services.UpdaterService, class com.almasb.fxgl.dev.DevService]
08:20:43.692 [FXGL Background Thread 3 ] DEBUG Engine               - fontGame: Abel-Regular.ttf
08:20:43.692 [FXGL Background Thread 3 ] DEBUG Engine               - fontMono: TerminalLandMono-Regular.otf
08:20:43.692 [FXGL Background Thread 3 ] DEBUG Engine               - fontSizeScaleUI: 1.0
08:20:43.692 [FXGL Background Thread 3 ] DEBUG Engine               - fontText: Courier-Prime.ttf
08:20:43.692 [FXGL Background Thread 3 ] DEBUG Engine               - fontUI: VarelaRound-Regular.ttf
08:20:43.692 [FXGL Background Thread 3 ] DEBUG Engine               - fullScreen: BooleanProperty [value: false]
08:20:43.692 [FXGL Background Thread 3 ] DEBUG Engine               - gameDifficulty: MEDIUM
08:20:43.692 [FXGL Background Thread 3 ] DEBUG Engine               - gameDifficultyProperty: ObjectProperty [value: MEDIUM]
08:20:43.692 [FXGL Background Thread 3 ] DEBUG Engine               - globalMusicVolume: 0.5
08:20:43.692 [FXGL Background Thread 3 ] DEBUG Engine               - globalMusicVolumeProperty: DoubleProperty [value: 0.5]
08:20:43.692 [FXGL Background Thread 3 ] DEBUG Engine               - globalSoundVolume: 0.5
08:20:43.692 [FXGL Background Thread 3 ] DEBUG Engine               - globalSoundVolumeProperty: DoubleProperty [value: 0.5]
08:20:43.692 [FXGL Background Thread 3 ] DEBUG Engine               - height: 720
08:20:43.692 [FXGL Background Thread 3 ] DEBUG Engine               - is3D: false
08:20:43.692 [FXGL Background Thread 3 ] DEBUG Engine               - isAndroid: false
08:20:43.692 [FXGL Background Thread 3 ] DEBUG Engine               - isBrowser: false
08:20:43.692 [FXGL Background Thread 3 ] DEBUG Engine               - isClickFeedbackEnabled: false
08:20:43.692 [FXGL Background Thread 3 ] DEBUG Engine               - isCloseConfirmation: false
08:20:43.692 [FXGL Background Thread 3 ] DEBUG Engine               - isDesktop: true
08:20:43.692 [FXGL Background Thread 3 ] DEBUG Engine               - isDeveloperMenuEnabled: false
08:20:43.692 [FXGL Background Thread 3 ] DEBUG Engine               - isEmbedded: false
08:20:43.692 [FXGL Background Thread 3 ] DEBUG Engine               - isEntityPreloadEnabled: true
08:20:43.692 [FXGL Background Thread 3 ] DEBUG Engine               - isExperimentalTiledLargeMap: false
08:20:43.692 [FXGL Background Thread 3 ] DEBUG Engine               - isFileSystemWriteAllowed: true
08:20:43.692 [FXGL Background Thread 3 ] DEBUG Engine               - isFullScreenAllowed: true
08:20:43.692 [FXGL Background Thread 3 ] DEBUG Engine               - isFullScreenFromStart: false
08:20:43.693 [FXGL Background Thread 3 ] DEBUG Engine               - isGameMenuEnabled: false
08:20:43.693 [FXGL Background Thread 3 ] DEBUG Engine               - isIOS: false
08:20:43.693 [FXGL Background Thread 3 ] DEBUG Engine               - isIntroEnabled: false
08:20:43.693 [FXGL Background Thread 3 ] DEBUG Engine               - isLinux: false
08:20:43.693 [FXGL Background Thread 3 ] DEBUG Engine               - isMac: false
08:20:43.693 [FXGL Background Thread 3 ] DEBUG Engine               - isMainMenuEnabled: true
08:20:43.693 [FXGL Background Thread 3 ] DEBUG Engine               - isManualResizeEnabled: false
08:20:43.693 [FXGL Background Thread 3 ] DEBUG Engine               - isMobile: false
08:20:43.693 [FXGL Background Thread 3 ] DEBUG Engine               - isNative: false
08:20:43.693 [FXGL Background Thread 3 ] DEBUG Engine               - isPauseMusicWhenMinimized: true
08:20:43.693 [FXGL Background Thread 3 ] DEBUG Engine               - isPreserveResizeRatio: false
08:20:43.693 [FXGL Background Thread 3 ] DEBUG Engine               - isProfilingEnabled: false
08:20:43.693 [FXGL Background Thread 3 ] DEBUG Engine               - isScaleAffectedOnResize: true
08:20:43.693 [FXGL Background Thread 3 ] DEBUG Engine               - isSingleStep: false
08:20:43.693 [FXGL Background Thread 3 ] DEBUG Engine               - isUserProfileEnabled: false
08:20:43.693 [FXGL Background Thread 3 ] DEBUG Engine               - isWindows: true
08:20:43.693 [FXGL Background Thread 3 ] DEBUG Engine               - language: ObjectProperty [value: ENGLISH]
08:20:43.693 [FXGL Background Thread 3 ] DEBUG Engine               - menuKey: ESCAPE
08:20:43.693 [FXGL Background Thread 3 ] DEBUG Engine               - mouseSensitivity: 0.2
08:20:43.693 [FXGL Background Thread 3 ] DEBUG Engine               - notificationViewClass: class com.almasb.fxgl.notification.view.XboxNotificationView
08:20:43.693 [FXGL Background Thread 3 ] DEBUG Engine               - pixelsPerMeter: 50.0
08:20:43.693 [FXGL Background Thread 3 ] DEBUG Engine               - platform: WINDOWS
08:20:43.693 [FXGL Background Thread 3 ] DEBUG Engine               - prefHeightProperty: ReadOnlyDoubleProperty [value: 720.0]
08:20:43.693 [FXGL Background Thread 3 ] DEBUG Engine               - prefWidthProperty: ReadOnlyDoubleProperty [value: 1280.0]
08:20:43.693 [FXGL Background Thread 3 ] DEBUG Engine               - profileDir: profiles/
08:20:43.693 [FXGL Background Thread 3 ] DEBUG Engine               - profileName: StringProperty [value: DEFAULT]
08:20:43.693 [FXGL Background Thread 3 ] DEBUG Engine               - randomSeed: -1
08:20:43.693 [FXGL Background Thread 3 ] DEBUG Engine               - runtimeInfo: RuntimeInfo(platform=WINDOWS, version=21.1, build=27.03.2024 07.52)
08:20:43.693 [FXGL Background Thread 3 ] DEBUG Engine               - saveFileExt: sav
08:20:43.693 [FXGL Background Thread 3 ] DEBUG Engine               - scaledHeightProp$fxgl: DoubleProperty [bound, value: 720.0]
08:20:43.693 [FXGL Background Thread 3 ] DEBUG Engine               - scaledWidthProp$fxgl: DoubleProperty [bound, value: 1280.0]
08:20:43.693 [FXGL Background Thread 3 ] DEBUG Engine               - sceneFactory: com.birb_birb.blockbounce.core.BlockBounceApp$1@79706fe4
08:20:43.693 [FXGL Background Thread 3 ] DEBUG Engine               - secondsIn24h: 60
08:20:43.693 [FXGL Background Thread 3 ] DEBUG Engine               - soundMenuBack: menu/back.wav
08:20:43.694 [FXGL Background Thread 3 ] DEBUG Engine               - soundMenuPress: menu/press.wav
08:20:43.694 [FXGL Background Thread 3 ] DEBUG Engine               - soundMenuSelect: menu/select.wav
08:20:43.694 [FXGL Background Thread 3 ] DEBUG Engine               - soundNotification: core/notification.wav
08:20:43.694 [FXGL Background Thread 3 ] DEBUG Engine               - stageStyle: DECORATED
08:20:43.694 [FXGL Background Thread 3 ] DEBUG Engine               - supportedLanguages: [ENGLISH, FRENCH, GERMAN, HUNGARIAN, RUSSIAN]
08:20:43.694 [FXGL Background Thread 3 ] DEBUG Engine               - ticksPerSecond: -1
08:20:43.694 [FXGL Background Thread 3 ] DEBUG Engine               - title: BlockBounce
08:20:43.694 [FXGL Background Thread 3 ] DEBUG Engine               - urlGithub: https://github.com/AlmasB/FXGL
08:20:43.694 [FXGL Background Thread 3 ] DEBUG Engine               - urlLeaderboard: http://fxgl-top.herokuapp.com/
08:20:43.694 [FXGL Background Thread 3 ] DEBUG Engine               - urlPOM: https://raw.githubusercontent.com/AlmasB/FXGL/release/README.md
08:20:43.694 [FXGL Background Thread 3 ] DEBUG Engine               - userAppClass: class com.birb_birb.blockbounce.core.BlockBounceApp
08:20:43.694 [FXGL Background Thread 3 ] DEBUG Engine               - version: (beta 0.2)
08:20:43.694 [FXGL Background Thread 3 ] DEBUG Engine               - versionCheckDays: 7
08:20:43.694 [FXGL Background Thread 3 ] DEBUG Engine               - width: 1280
08:20:43.694 [FXGL Background Thread 3 ] DEBUG Engine               - Logging services
08:20:43.694 [FXGL Background Thread 3 ] DEBUG Engine               - class com.almasb.fxgl.app.services.FXGLAssetLoaderService
08:20:43.694 [FXGL Background Thread 3 ] DEBUG Engine               - class com.almasb.fxgl.app.FXGLApplication$GameApplicationService
08:20:43.694 [FXGL Background Thread 3 ] DEBUG Engine               - class com.almasb.fxgl.app.services.FXGLDialogService
08:20:43.694 [FXGL Background Thread 3 ] DEBUG Engine               - class com.almasb.fxgl.app.services.IOTaskExecutorService
08:20:43.694 [FXGL Background Thread 3 ] DEBUG Engine               - class com.almasb.fxgl.io.FileSystemService
08:20:43.694 [FXGL Background Thread 3 ] DEBUG Engine               - class com.almasb.fxgl.localization.LocalizationService
08:20:43.694 [FXGL Background Thread 3 ] DEBUG Engine               - class com.almasb.fxgl.app.services.SystemBundleService
08:20:43.694 [FXGL Background Thread 3 ] DEBUG Engine               - class com.almasb.fxgl.profile.SaveLoadService
08:20:43.694 [FXGL Background Thread 3 ] DEBUG Engine               - class com.almasb.fxgl.ui.FXGLUIFactoryServiceProvider
08:20:43.694 [FXGL Background Thread 3 ] DEBUG Engine               - class com.almasb.fxgl.ui.FXGLDialogFactoryServiceProvider
08:20:43.694 [FXGL Background Thread 3 ] DEBUG Engine               - class com.almasb.fxgl.audio.AudioPlayer
08:20:43.694 [FXGL Background Thread 3 ] DEBUG Engine               - class com.almasb.fxgl.notification.impl.NotificationServiceProvider
08:20:43.694 [FXGL Background Thread 3 ] DEBUG Engine               - class com.almasb.fxgl.achievement.AchievementService
08:20:43.694 [FXGL Background Thread 3 ] DEBUG Engine               - class com.almasb.fxgl.cutscene.CutsceneService
08:20:43.694 [FXGL Background Thread 3 ] DEBUG Engine               - class com.almasb.fxgl.minigames.MiniGameService
08:20:43.694 [FXGL Background Thread 3 ] DEBUG Engine               - class com.almasb.fxgl.net.NetService
08:20:43.694 [FXGL Background Thread 3 ] DEBUG Engine               - class com.almasb.fxgl.app.services.UpdaterService
08:20:43.694 [FXGL Background Thread 3 ] DEBUG Engine               - class com.almasb.fxgl.dev.DevService
08:20:51.717 [JavaFX Application Thread] DEBUG FXGLApplication      - Exiting FXGL
08:20:51.718 [JavaFX Application Thread] DEBUG LoopRunner           - Stopping loop
08:20:51.718 [JavaFX Application Thread] DEBUG SystemBundleService  - Saving FXGL system data
08:20:51.719 [JavaFX Application Thread] DEBUG FileSystemAccess     - Writing to: C:\Anh\Projects\BlockBounce\system\fxgl.bundle
08:20:51.721 [JavaFX Application Thread] DEBUG Async                - Shutting down background threads
08:20:51.721 [JavaFX Application Thread] DEBUG PrimaryStageWindow   - Closing main window
08:20:51.732 [JavaFX Application Thread] DEBUG Logger               - Closing Logger
