08:29:37.608 [main                     ] DEBUG Logger               - Configured Logger
08:29:37.614 [main                     ] DEBUG GameApplication      - Logging settings
Title: BlockBounce
Version: (beta 0.2)
Width: 1280
Height: 720
Fullscreen: true
Intro: false
Profiling: false
Single step:false
App Mode: DEVELOPER
Menu Key: ESCAPE
Stage Style: DECORATED
Scene Factory: class com.birb_birb.blockbounce.core.BlockBounceApp$1

08:29:38.007 [JavaFX Application Thread] DEBUG FXGLApplication      - Initializing FXGL
08:29:38.009 [JavaFX Application Thread] INFO  Engine               - FXGL-21.1 (27.03.2024 07.52) on WINDOWS (J:24.0.2 FX:21.0.1)
08:29:38.009 [JavaFX Application Thread] DEBUG Engine               - JRE Vendor Name: Eclipse Adoptium
08:29:38.009 [JavaFX Application Thread] DEBUG Engine               - Running on OS: Windows 11 version 10.0
08:29:38.009 [JavaFX Application Thread] DEBUG Engine               - Architecture: amd64
08:29:38.009 [JavaFX Application Thread] INFO  Engine               - Source code and latest versions at: https://github.com/AlmasB/FXGL
08:29:38.009 [JavaFX Application Thread] INFO  Engine               -       Ask questions and discuss at: https://github.com/AlmasB/FXGL/discussions
08:29:38.009 [JavaFX Application Thread] INFO  Engine               -              Join the FXGL chat at: https://gitter.im/AlmasB/FXGL
08:29:38.096 [JavaFX Application Thread] DEBUG PrimaryStageWindow   - Creating a JavaFX scene
08:29:38.136 [JavaFX Application Thread] DEBUG PrimaryStageWindow   - Target settings size: 1280.0 x 720.0
08:29:38.136 [JavaFX Application Thread] DEBUG PrimaryStageWindow   - Scaled scene size:    1280.0 x 720.0
08:29:38.136 [JavaFX Application Thread] DEBUG PrimaryStageWindow   - Scaled ratio: (1.0, 1.0)
08:29:38.137 [JavaFX Application Thread] DEBUG PrimaryStageWindow   - Set initial scene to FXGLStartupScene
08:29:38.142 [JavaFX Application Thread] DEBUG PrimaryStageWindow   - Opening main window
08:29:38.218 [JavaFX Application Thread] DEBUG PrimaryStageWindow   - Window border size: (14.4000244140625, 37.5999755859375)
08:29:38.218 [JavaFX Application Thread] DEBUG PrimaryStageWindow   - Scaled size: 1280.0 x 720.0
08:29:38.218 [JavaFX Application Thread] DEBUG PrimaryStageWindow   - Scaled ratio: (1.0, 1.0)
08:29:38.218 [JavaFX Application Thread] DEBUG PrimaryStageWindow   - Scene size: 1280.0 x 720.0
08:29:38.218 [JavaFX Application Thread] DEBUG PrimaryStageWindow   - Stage size: 1294.4000244140625 x 757.5999755859375
08:29:38.225 [FXGL Background Thread 1 ] DEBUG Engine               - Initializing environment variables
08:29:38.290 [FXGL Background Thread 1 ] DEBUG FXGLAssetLoaderServi - User app class for loading assets: class com.birb_birb.blockbounce.core.BlockBounceApp
08:29:38.290 [FXGL Background Thread 1 ] DEBUG GameApplicationServi - Applying CSS: fxgl_dark.css
08:29:38.292 [FXGL Background Thread 1 ] DEBUG FXGLAssetLoaderServi - Loading from file system: jar:file:/C:/Users/chudu/.gradle/caches/modules-2/files-2.1/com.github.almasb/fxgl/21.1/88c288ebc8641e470d974327703f09f8958e725d/fxgl-21.1.jar!/fxglassets/ui/css/fxgl_dark.css
08:29:38.331 [FXGL Background Thread 1 ] DEBUG GameApplicationServi - Initializing application scenes
08:29:38.366 [FXGL Background Thread 1 ] DEBUG GameWorld            - Game world initialized
08:29:38.416 [FXGL Background Thread 1 ] DEBUG PhysicsWorld         - Physics world initialized: appHeight=720, physics.ppm=50.0
08:29:38.416 [FXGL Background Thread 1 ] DEBUG PhysicsWorld         - Using strategy: BRUTE_FORCE
08:29:38.420 [FXGL Background Thread 1 ] DEBUG GameScene            - Game scene initialized: 1280x720
08:29:38.422 [FXGL Background Thread 1 ] DEBUG FXGLAssetLoaderServi - Loading from file system: file:/C:/Anh/Projects/BlockBounce/build/resources/main/assets/sounds/hover.wav
08:29:38.482 [FXGL Background Thread 1 ] DEBUG FXGLAssetLoaderServi - Loading from file system: file:/C:/Anh/Projects/BlockBounce/build/resources/main/assets/sounds/click.wav
08:29:38.568 [FXGL Background Thread 1 ] DEBUG GameApplicationServi - Application scenes initialized
08:29:38.579 [FXGL Background Thread 1 ] DEBUG SystemBundleService  - Loading FXGL system data
08:29:38.582 [FXGL Background Thread 1 ] DEBUG FileSystemAccess     - Reading from: C:\Anh\Projects\BlockBounce\system\fxgl.bundle
08:29:38.587 [FXGL Background Thread 1 ] DEBUG SystemBundleService  - Bundle FXGL: {}
08:29:38.587 [FXGL Background Thread 1 ] DEBUG UpdaterService       - Checking for updates
08:29:38.592 [FXGL Background Thread 4 ] DEBUG FXGLApplication      - Loading fonts
08:29:38.593 [FXGL Background Thread 4 ] DEBUG FXGLAssetLoaderServi - Loading from file system: jar:file:/C:/Users/chudu/.gradle/caches/modules-2/files-2.1/com.github.almasb/fxgl/21.1/88c288ebc8641e470d974327703f09f8958e725d/fxgl-21.1.jar!/fxglassets/ui/fonts/VarelaRound-Regular.ttf
08:29:38.593 [FXGL Background Thread 1 ] DEBUG FXGLApplication      - Loading default localization
08:29:38.593 [FXGL Background Thread 1 ] DEBUG FXGLAssetLoaderServi - Loading from file system: jar:file:/C:/Users/chudu/.gradle/caches/modules-2/files-2.1/com.github.almasb/fxgl/21.1/88c288ebc8641e470d974327703f09f8958e725d/fxgl-21.1.jar!/fxglassets/languages/english.lang
08:29:38.604 [FXGL Background Thread 4 ] DEBUG FXGLAssetLoaderServi - Loading from file system: jar:file:/C:/Users/chudu/.gradle/caches/modules-2/files-2.1/com.github.almasb/fxgl/21.1/88c288ebc8641e470d974327703f09f8958e725d/fxgl-21.1.jar!/fxglassets/ui/fonts/Abel-Regular.ttf
08:29:38.614 [FXGL Background Thread 4 ] DEBUG FXGLAssetLoaderServi - Loading from file system: jar:file:/C:/Users/chudu/.gradle/caches/modules-2/files-2.1/com.github.almasb/fxgl/21.1/88c288ebc8641e470d974327703f09f8958e725d/fxgl-21.1.jar!/fxglassets/ui/fonts/TerminalLandMono-Regular.otf
08:29:38.619 [FXGL Background Thread 1 ] INFO  FXGLApplication      - FXGL initialization took: 0.394 sec
08:29:38.620 [JavaFX Application Thread] DEBUG FXGLAssetLoaderServi - Loading from file system: jar:file:/C:/Users/chudu/.gradle/caches/modules-2/files-2.1/com.github.almasb/fxgl/21.1/88c288ebc8641e470d974327703f09f8958e725d/fxgl-21.1.jar!/fxglassets/textures/fxgl_icon.png
08:29:38.624 [FXGL Background Thread 4 ] DEBUG FXGLAssetLoaderServi - Loading from file system: jar:file:/C:/Users/chudu/.gradle/caches/modules-2/files-2.1/com.github.almasb/fxgl/21.1/88c288ebc8641e470d974327703f09f8958e725d/fxgl-21.1.jar!/fxglassets/ui/fonts/Courier-Prime.ttf
08:29:38.637 [JavaFX Application Thread] DEBUG FXGLAssetLoaderServi - Loading from file system: jar:file:/C:/Users/chudu/.gradle/caches/modules-2/files-2.1/com.github.almasb/fxgl/21.1/88c288ebc8641e470d974327703f09f8958e725d/fxgl-21.1.jar!/fxglassets/textures/fxgl_default_cursor.png
08:29:38.646 [JavaFX Application Thread] DEBUG Input                - Registered new binding: Screenshot - CTRL+8
08:29:38.646 [JavaFX Application Thread] DEBUG Input                - Registered new binding: System info dump - CTRL+9
08:29:38.646 [JavaFX Application Thread] DEBUG Input                - Registered new binding: Restart - CTRL+R
08:29:38.647 [JavaFX Application Thread] DEBUG Input                - Registered new binding: Toggle Debug Camera - CTRL+7
08:29:38.649 [JavaFX Application Thread] DEBUG LoopRunner           - Starting loop
08:29:38.649 [JavaFX Application Thread] DEBUG LoopRunner           - Initializing JavaFX AnimationTimerLoop
08:29:38.652 [JavaFX Application Thread] DEBUG Input                - Clearing active input actions
08:29:38.657 [JavaFX Application Thread] DEBUG GameApplicationServi - Removing overlay from FXGLStartupScene and adding to FXGLMainMenuDummyScene
08:29:38.657 [JavaFX Application Thread] DEBUG PrimaryStageWindow   - FXGLStartupScene -> FXGLMainMenuDummyScene
08:29:38.657 [JavaFX Application Thread] DEBUG PrimaryStageWindow   - Push state: MainMenu
08:29:38.658 [JavaFX Application Thread] DEBUG Input                - Clearing active input actions
08:29:38.667 [JavaFX Application Thread] DEBUG GameApplicationServi - Removing overlay from FXGLMainMenuDummyScene and adding to MainMenu
08:29:38.667 [JavaFX Application Thread] DEBUG PrimaryStageWindow   - FXGLMainMenuDummyScene -> MainMenu
08:29:38.668 [JavaFX Application Thread] DEBUG FXGLApplication      - Registering font factories with UI factory
08:29:39.391 [JavaFX Application Thread] DEBUG Input                - Registered new binding: ESC_BACK - Esc
08:29:39.391 [JavaFX Application Thread] DEBUG PrimaryStageWindow   - Push state: StoryModeMenu
08:29:39.391 [JavaFX Application Thread] DEBUG Input                - Clearing active input actions
08:29:39.392 [JavaFX Application Thread] DEBUG GameApplicationServi - Removing overlay from MainMenu and adding to StoryModeMenu
08:29:39.392 [JavaFX Application Thread] DEBUG PrimaryStageWindow   - MainMenu -> StoryModeMenu
08:29:39.865 [JavaFX Application Thread] DEBUG GameApplicationServi - Starting new game
08:29:39.866 [JavaFX Application Thread] DEBUG PrimaryStageWindow   - Pop state: StoryModeMenu
08:29:39.866 [JavaFX Application Thread] DEBUG Input                - Clearing active input actions
08:29:39.867 [JavaFX Application Thread] DEBUG GameApplicationServi - Removing overlay from StoryModeMenu and adding to MainMenu
08:29:39.867 [JavaFX Application Thread] DEBUG PrimaryStageWindow   - MainMenu <- StoryModeMenu
08:29:39.868 [JavaFX Application Thread] DEBUG PrimaryStageWindow   - Pop state: MainMenu
08:29:39.868 [JavaFX Application Thread] DEBUG Input                - Clearing active input actions
08:29:39.868 [JavaFX Application Thread] DEBUG GameApplicationServi - Removing overlay from MainMenu and adding to FXGLMainMenuDummyScene
08:29:39.868 [JavaFX Application Thread] DEBUG PrimaryStageWindow   - FXGLMainMenuDummyScene <- MainMenu
08:29:39.868 [JavaFX Application Thread] DEBUG Input                - Clearing active input actions
08:29:39.876 [JavaFX Application Thread] DEBUG GameApplicationServi - Removing overlay from FXGLMainMenuDummyScene and adding to FXGLLoadingScene
08:29:39.876 [JavaFX Application Thread] DEBUG PrimaryStageWindow   - FXGLMainMenuDummyScene -> FXGLLoadingScene
08:29:39.876 [JavaFX Application Thread] DEBUG GameApplicationServi - Clearing previous game
08:29:39.876 [JavaFX Application Thread] DEBUG GameScene            - Clearing game scene
08:29:39.876 [JavaFX Application Thread] DEBUG GameWorld            - Clearing game world
08:29:39.876 [JavaFX Application Thread] DEBUG PhysicsWorld         - Clearing physics world
08:29:39.879 [FXGL Background Thread 2 ] DEBUG FXGLApplication      - Initializing game
08:29:39.882 [FXGL Background Thread 2 ] DEBUG PhysicsWorld         - Clearing physics world
08:29:39.885 [FXGL Background Thread 2 ] DEBUG FXGLAssetLoaderServi - Loading from file system: file:/C:/Anh/Projects/BlockBounce/build/resources/main/assets/textures//entities/background.png
08:29:39.926 [FXGL Background Thread 2 ] DEBUG FXGLAssetLoaderServi - Loading from file system: file:/C:/Anh/Projects/BlockBounce/build/resources/main/assets/textures//entities/brick.png
08:29:39.946 [FXGL Background Thread 2 ] DEBUG FXGLAssetLoaderServi - Loading from file system: file:/C:/Anh/Projects/BlockBounce/build/resources/main/assets/textures//entities/paddle.png
08:29:39.948 [FXGL Background Thread 2 ] DEBUG FXGLAssetLoaderServi - Loading from file system: file:/C:/Anh/Projects/BlockBounce/build/resources/main/assets/textures//entities/ball.png
08:29:39.952 [FXGL Background Thread 2 ] DEBUG FXGLAssetLoaderServi - Loading from file system: file:/C:/Anh/Projects/BlockBounce/build/resources/main/assets/textures/ui/story_mode_frame.png
08:29:39.977 [FXGL Background Thread 2 ] WARN  FXGLAssetLoaderServi - Asset "fonts/Daydream.ttf" was not found!
08:29:41.002 [FXGL Background Thread 2 ] INFO  FXGLApplication      - Game initialization took: 1.123 sec
08:29:41.005 [JavaFX Application Thread] DEBUG Input                - Clearing active input actions
08:29:41.010 [JavaFX Application Thread] DEBUG GameApplicationServi - Removing overlay from FXGLLoadingScene and adding to GameScene
08:29:41.010 [JavaFX Application Thread] DEBUG PrimaryStageWindow   - FXGLLoadingScene -> GameScene
08:29:41.592 [FXGL Background Thread 3 ] DEBUG Engine               - Logging environment variables
08:29:41.592 [FXGL Background Thread 3 ] DEBUG Engine               - achievements: []
08:29:41.592 [FXGL Background Thread 3 ] DEBUG Engine               - actualHeight: 720.0
08:29:41.592 [FXGL Background Thread 3 ] DEBUG Engine               - actualHeightProperty: ReadOnlyDoubleProperty [value: 720.0]
08:29:41.593 [FXGL Background Thread 3 ] DEBUG Engine               - actualWidth: 1280.0
08:29:41.593 [FXGL Background Thread 3 ] DEBUG Engine               - actualWidthProperty: ReadOnlyDoubleProperty [value: 1280.0]
08:29:41.593 [FXGL Background Thread 3 ] DEBUG Engine               - appIcon: fxgl_icon.png
08:29:41.593 [FXGL Background Thread 3 ] DEBUG Engine               - applicationMode: DEVELOPER
08:29:41.593 [FXGL Background Thread 3 ] DEBUG Engine               - cSSList: [fxgl_dark.css]
08:29:41.593 [FXGL Background Thread 3 ] DEBUG Engine               - collisionDetectionStrategy: BRUTE_FORCE
08:29:41.593 [FXGL Background Thread 3 ] DEBUG Engine               - configClass: Optional.empty
08:29:41.593 [FXGL Background Thread 3 ] DEBUG Engine               - credits: []
08:29:41.594 [FXGL Background Thread 3 ] DEBUG Engine               - defaultCursor: CursorInfo(imageName=fxgl_default_cursor.png, hotspotX=7.0, hotspotY=6.0)
08:29:41.595 [FXGL Background Thread 3 ] DEBUG Engine               - devBBoxColorProperty: ObjectProperty [value: 0xff0000ff]
08:29:41.595 [FXGL Background Thread 3 ] DEBUG Engine               - devEnableDebugCameraProperty: BooleanProperty [value: false]
08:29:41.595 [FXGL Background Thread 3 ] DEBUG Engine               - devSensorColorProperty: ObjectProperty [value: 0xffff00ff]
08:29:41.595 [FXGL Background Thread 3 ] DEBUG Engine               - devShowBBoxProperty: BooleanProperty [value: false]
08:29:41.595 [FXGL Background Thread 3 ] DEBUG Engine               - devShowPositionProperty: BooleanProperty [value: false]
08:29:41.595 [FXGL Background Thread 3 ] DEBUG Engine               - enabledMenuItems: []
08:29:41.595 [FXGL Background Thread 3 ] DEBUG Engine               - engineServices: [class com.almasb.fxgl.app.services.FXGLAssetLoaderService, class com.almasb.fxgl.app.FXGLApplication$GameApplicationService, class com.almasb.fxgl.app.services.FXGLDialogService, class com.almasb.fxgl.app.services.IOTaskExecutorService, class com.almasb.fxgl.io.FileSystemService, class com.almasb.fxgl.localization.LocalizationService, class com.almasb.fxgl.app.services.SystemBundleService, class com.almasb.fxgl.profile.SaveLoadService, class com.almasb.fxgl.ui.FXGLUIFactoryServiceProvider, class com.almasb.fxgl.ui.FXGLDialogFactoryServiceProvider, class com.almasb.fxgl.audio.AudioPlayer, class com.almasb.fxgl.notification.impl.NotificationServiceProvider, class com.almasb.fxgl.achievement.AchievementService, class com.almasb.fxgl.cutscene.CutsceneService, class com.almasb.fxgl.minigames.MiniGameService, class com.almasb.fxgl.net.NetService, class com.almasb.fxgl.app.services.UpdaterService, class com.almasb.fxgl.dev.DevService]
08:29:41.595 [FXGL Background Thread 3 ] DEBUG Engine               - fontGame: Abel-Regular.ttf
08:29:41.595 [FXGL Background Thread 3 ] DEBUG Engine               - fontMono: TerminalLandMono-Regular.otf
08:29:41.595 [FXGL Background Thread 3 ] DEBUG Engine               - fontSizeScaleUI: 1.0
08:29:41.595 [FXGL Background Thread 3 ] DEBUG Engine               - fontText: Courier-Prime.ttf
08:29:41.595 [FXGL Background Thread 3 ] DEBUG Engine               - fontUI: VarelaRound-Regular.ttf
08:29:41.595 [FXGL Background Thread 3 ] DEBUG Engine               - fullScreen: BooleanProperty [value: false]
08:29:41.595 [FXGL Background Thread 3 ] DEBUG Engine               - gameDifficulty: MEDIUM
08:29:41.595 [FXGL Background Thread 3 ] DEBUG Engine               - gameDifficultyProperty: ObjectProperty [value: MEDIUM]
08:29:41.595 [FXGL Background Thread 3 ] DEBUG Engine               - globalMusicVolume: 0.5
08:29:41.595 [FXGL Background Thread 3 ] DEBUG Engine               - globalMusicVolumeProperty: DoubleProperty [value: 0.5]
08:29:41.595 [FXGL Background Thread 3 ] DEBUG Engine               - globalSoundVolume: 0.5
08:29:41.595 [FXGL Background Thread 3 ] DEBUG Engine               - globalSoundVolumeProperty: DoubleProperty [value: 0.5]
08:29:41.595 [FXGL Background Thread 3 ] DEBUG Engine               - height: 720
08:29:41.595 [FXGL Background Thread 3 ] DEBUG Engine               - is3D: false
08:29:41.595 [FXGL Background Thread 3 ] DEBUG Engine               - isAndroid: false
08:29:41.595 [FXGL Background Thread 3 ] DEBUG Engine               - isBrowser: false
08:29:41.595 [FXGL Background Thread 3 ] DEBUG Engine               - isClickFeedbackEnabled: false
08:29:41.595 [FXGL Background Thread 3 ] DEBUG Engine               - isCloseConfirmation: false
08:29:41.595 [FXGL Background Thread 3 ] DEBUG Engine               - isDesktop: true
08:29:41.595 [FXGL Background Thread 3 ] DEBUG Engine               - isDeveloperMenuEnabled: false
08:29:41.596 [FXGL Background Thread 3 ] DEBUG Engine               - isEmbedded: false
08:29:41.596 [FXGL Background Thread 3 ] DEBUG Engine               - isEntityPreloadEnabled: true
08:29:41.596 [FXGL Background Thread 3 ] DEBUG Engine               - isExperimentalTiledLargeMap: false
08:29:41.596 [FXGL Background Thread 3 ] DEBUG Engine               - isFileSystemWriteAllowed: true
08:29:41.596 [FXGL Background Thread 3 ] DEBUG Engine               - isFullScreenAllowed: true
08:29:41.596 [FXGL Background Thread 3 ] DEBUG Engine               - isFullScreenFromStart: false
08:29:41.596 [FXGL Background Thread 3 ] DEBUG Engine               - isGameMenuEnabled: false
08:29:41.596 [FXGL Background Thread 3 ] DEBUG Engine               - isIOS: false
08:29:41.596 [FXGL Background Thread 3 ] DEBUG Engine               - isIntroEnabled: false
08:29:41.596 [FXGL Background Thread 3 ] DEBUG Engine               - isLinux: false
08:29:41.596 [FXGL Background Thread 3 ] DEBUG Engine               - isMac: false
08:29:41.596 [FXGL Background Thread 3 ] DEBUG Engine               - isMainMenuEnabled: true
08:29:41.596 [FXGL Background Thread 3 ] DEBUG Engine               - isManualResizeEnabled: false
08:29:41.596 [FXGL Background Thread 3 ] DEBUG Engine               - isMobile: false
08:29:41.596 [FXGL Background Thread 3 ] DEBUG Engine               - isNative: false
08:29:41.596 [FXGL Background Thread 3 ] DEBUG Engine               - isPauseMusicWhenMinimized: true
08:29:41.596 [FXGL Background Thread 3 ] DEBUG Engine               - isPreserveResizeRatio: false
08:29:41.596 [FXGL Background Thread 3 ] DEBUG Engine               - isProfilingEnabled: false
08:29:41.596 [FXGL Background Thread 3 ] DEBUG Engine               - isScaleAffectedOnResize: true
08:29:41.596 [FXGL Background Thread 3 ] DEBUG Engine               - isSingleStep: false
08:29:41.596 [FXGL Background Thread 3 ] DEBUG Engine               - isUserProfileEnabled: false
08:29:41.596 [FXGL Background Thread 3 ] DEBUG Engine               - isWindows: true
08:29:41.596 [FXGL Background Thread 3 ] DEBUG Engine               - language: ObjectProperty [value: ENGLISH]
08:29:41.596 [FXGL Background Thread 3 ] DEBUG Engine               - menuKey: ESCAPE
08:29:41.596 [FXGL Background Thread 3 ] DEBUG Engine               - mouseSensitivity: 0.2
08:29:41.596 [FXGL Background Thread 3 ] DEBUG Engine               - notificationViewClass: class com.almasb.fxgl.notification.view.XboxNotificationView
08:29:41.596 [FXGL Background Thread 3 ] DEBUG Engine               - pixelsPerMeter: 50.0
08:29:41.596 [FXGL Background Thread 3 ] DEBUG Engine               - platform: WINDOWS
08:29:41.596 [FXGL Background Thread 3 ] DEBUG Engine               - prefHeightProperty: ReadOnlyDoubleProperty [value: 720.0]
08:29:41.596 [FXGL Background Thread 3 ] DEBUG Engine               - prefWidthProperty: ReadOnlyDoubleProperty [value: 1280.0]
08:29:41.596 [FXGL Background Thread 3 ] DEBUG Engine               - profileDir: profiles/
08:29:41.596 [FXGL Background Thread 3 ] DEBUG Engine               - profileName: StringProperty [value: DEFAULT]
08:29:41.596 [FXGL Background Thread 3 ] DEBUG Engine               - randomSeed: -1
08:29:41.596 [FXGL Background Thread 3 ] DEBUG Engine               - runtimeInfo: RuntimeInfo(platform=WINDOWS, version=21.1, build=27.03.2024 07.52)
08:29:41.596 [FXGL Background Thread 3 ] DEBUG Engine               - saveFileExt: sav
08:29:41.596 [FXGL Background Thread 3 ] DEBUG Engine               - scaledHeightProp$fxgl: DoubleProperty [bound, value: 720.0]
08:29:41.597 [FXGL Background Thread 3 ] DEBUG Engine               - scaledWidthProp$fxgl: DoubleProperty [bound, value: 1280.0]
08:29:41.597 [FXGL Background Thread 3 ] DEBUG Engine               - sceneFactory: com.birb_birb.blockbounce.core.BlockBounceApp$1@77a2e7c3
08:29:41.597 [FXGL Background Thread 3 ] DEBUG Engine               - secondsIn24h: 60
08:29:41.597 [FXGL Background Thread 3 ] DEBUG Engine               - soundMenuBack: menu/back.wav
08:29:41.597 [FXGL Background Thread 3 ] DEBUG Engine               - soundMenuPress: menu/press.wav
08:29:41.597 [FXGL Background Thread 3 ] DEBUG Engine               - soundMenuSelect: menu/select.wav
08:29:41.597 [FXGL Background Thread 3 ] DEBUG Engine               - soundNotification: core/notification.wav
08:29:41.597 [FXGL Background Thread 3 ] DEBUG Engine               - stageStyle: DECORATED
08:29:41.597 [FXGL Background Thread 3 ] DEBUG Engine               - supportedLanguages: [ENGLISH, FRENCH, GERMAN, HUNGARIAN, RUSSIAN]
08:29:41.597 [FXGL Background Thread 3 ] DEBUG Engine               - ticksPerSecond: -1
08:29:41.597 [FXGL Background Thread 3 ] DEBUG Engine               - title: BlockBounce
08:29:41.597 [FXGL Background Thread 3 ] DEBUG Engine               - urlGithub: https://github.com/AlmasB/FXGL
08:29:41.597 [FXGL Background Thread 3 ] DEBUG Engine               - urlLeaderboard: http://fxgl-top.herokuapp.com/
08:29:41.597 [FXGL Background Thread 3 ] DEBUG Engine               - urlPOM: https://raw.githubusercontent.com/AlmasB/FXGL/release/README.md
08:29:41.597 [FXGL Background Thread 3 ] DEBUG Engine               - userAppClass: class com.birb_birb.blockbounce.core.BlockBounceApp
08:29:41.597 [FXGL Background Thread 3 ] DEBUG Engine               - version: (beta 0.2)
08:29:41.597 [FXGL Background Thread 3 ] DEBUG Engine               - versionCheckDays: 7
08:29:41.597 [FXGL Background Thread 3 ] DEBUG Engine               - width: 1280
08:29:41.597 [FXGL Background Thread 3 ] DEBUG Engine               - Logging services
08:29:41.597 [FXGL Background Thread 3 ] DEBUG Engine               - class com.almasb.fxgl.app.services.FXGLAssetLoaderService
08:29:41.597 [FXGL Background Thread 3 ] DEBUG Engine               - class com.almasb.fxgl.app.FXGLApplication$GameApplicationService
08:29:41.597 [FXGL Background Thread 3 ] DEBUG Engine               - class com.almasb.fxgl.app.services.FXGLDialogService
08:29:41.597 [FXGL Background Thread 3 ] DEBUG Engine               - class com.almasb.fxgl.app.services.IOTaskExecutorService
08:29:41.597 [FXGL Background Thread 3 ] DEBUG Engine               - class com.almasb.fxgl.io.FileSystemService
08:29:41.597 [FXGL Background Thread 3 ] DEBUG Engine               - class com.almasb.fxgl.localization.LocalizationService
08:29:41.597 [FXGL Background Thread 3 ] DEBUG Engine               - class com.almasb.fxgl.app.services.SystemBundleService
08:29:41.597 [FXGL Background Thread 3 ] DEBUG Engine               - class com.almasb.fxgl.profile.SaveLoadService
08:29:41.597 [FXGL Background Thread 3 ] DEBUG Engine               - class com.almasb.fxgl.ui.FXGLUIFactoryServiceProvider
08:29:41.597 [FXGL Background Thread 3 ] DEBUG Engine               - class com.almasb.fxgl.ui.FXGLDialogFactoryServiceProvider
08:29:41.597 [FXGL Background Thread 3 ] DEBUG Engine               - class com.almasb.fxgl.audio.AudioPlayer
08:29:41.597 [FXGL Background Thread 3 ] DEBUG Engine               - class com.almasb.fxgl.notification.impl.NotificationServiceProvider
08:29:41.597 [FXGL Background Thread 3 ] DEBUG Engine               - class com.almasb.fxgl.achievement.AchievementService
08:29:41.597 [FXGL Background Thread 3 ] DEBUG Engine               - class com.almasb.fxgl.cutscene.CutsceneService
08:29:41.597 [FXGL Background Thread 3 ] DEBUG Engine               - class com.almasb.fxgl.minigames.MiniGameService
08:29:41.597 [FXGL Background Thread 3 ] DEBUG Engine               - class com.almasb.fxgl.net.NetService
08:29:41.597 [FXGL Background Thread 3 ] DEBUG Engine               - class com.almasb.fxgl.app.services.UpdaterService
08:29:41.597 [FXGL Background Thread 3 ] DEBUG Engine               - class com.almasb.fxgl.dev.DevService
08:29:56.987 [JavaFX Application Thread] WARN  FXGLAssetLoaderServi - Asset "fonts/Daydream.ttf" was not found!
08:30:00.051 [JavaFX Application Thread] DEBUG Input                - Clearing active input actions
08:30:00.054 [JavaFX Application Thread] DEBUG GameApplicationServi - Removing overlay from GameScene and adding to FXGLMainMenuDummyScene
08:30:00.054 [JavaFX Application Thread] DEBUG PrimaryStageWindow   - GameScene -> FXGLMainMenuDummyScene
08:30:00.054 [JavaFX Application Thread] DEBUG PrimaryStageWindow   - Push state: MainMenu
08:30:00.054 [JavaFX Application Thread] DEBUG Input                - Clearing active input actions
08:30:00.056 [JavaFX Application Thread] DEBUG GameApplicationServi - Removing overlay from FXGLMainMenuDummyScene and adding to MainMenu
08:30:00.056 [JavaFX Application Thread] DEBUG PrimaryStageWindow   - FXGLMainMenuDummyScene -> MainMenu
08:30:07.369 [JavaFX Application Thread] DEBUG FXGLApplication      - Exiting FXGL
08:30:07.369 [JavaFX Application Thread] DEBUG LoopRunner           - Stopping loop
08:30:07.369 [JavaFX Application Thread] DEBUG SystemBundleService  - Saving FXGL system data
08:30:07.371 [JavaFX Application Thread] DEBUG FileSystemAccess     - Writing to: C:\Anh\Projects\BlockBounce\system\fxgl.bundle
08:30:07.372 [JavaFX Application Thread] DEBUG Async                - Shutting down background threads
08:30:07.372 [JavaFX Application Thread] DEBUG PrimaryStageWindow   - Closing main window
08:30:07.382 [JavaFX Application Thread] DEBUG Logger               - Closing Logger
